2024-08-01 15:51:07.292 [warning] /home/gitpod/.ssh/config: ENOENT: no such file or directory, open '/home/gitpod/.ssh/config'
2024-08-01 15:51:07.292 [info] Activation> Extension version: 0.92.0
2024-08-01 15:51:09.915 [info] Looking for git repository
2024-08-01 15:51:09.916 [info] Found 0 repositories during activation
2024-08-01 15:51:09.916 [info] Git repository found, initializing review manager and pr tree view.
2024-08-01 15:51:09.919 [info] Registering git provider
2024-08-01 15:51:09.920 [info] Review+0> Validate state in progress
2024-08-01 15:51:09.920 [info] Review+0> Validating state...
2024-08-01 15:51:10.213 [info] Found GitHub remote for folder /workspace/project
2024-08-01 15:51:10.468 [info] Trying to use globalState for assignableUsers.
2024-08-01 15:51:10.595 [info] Review+0> No matching pull request metadata found locally for current branch main
2024-08-01 15:51:11.357 [info] GlobalState does not exist for assignableUsers.
2024-08-01 15:51:11.658 [info] Review+0> No matching pull request metadata found on GitHub for current branch main
2024-08-01 15:51:13.109 [info] Repo state for file:///workspace/project changed.
2024-08-01 15:51:13.109 [info] Repo file:///workspace/project has already been setup.
2024-08-01 15:51:31.341 [info] Review+0> Validate state in progress
2024-08-01 15:51:31.341 [info] Review+0> Validating state...
2024-08-01 15:51:31.839 [info] Found GitHub remote for folder /workspace/project
2024-08-01 15:51:31.841 [info] Using in-memory cached assignable users.
2024-08-01 15:51:31.950 [info] Review+0> No matching pull request metadata found locally for current branch main
2024-08-01 15:51:32.749 [info] Review+0> No matching pull request metadata found on GitHub for current branch main
2024-08-01 15:51:41.410 [info] Review+0> Validate state in progress
2024-08-01 15:51:41.410 [info] Review+0> Validating state...
2024-08-01 15:51:41.789 [info] Found GitHub remote for folder /workspace/project
2024-08-01 15:51:41.790 [info] Using in-memory cached assignable users.
2024-08-01 15:51:41.899 [info] Review+0> No matching pull request metadata found locally for current branch main
2024-08-01 15:51:42.767 [info] Review+0> No matching pull request metadata found on GitHub for current branch main
2024-08-01 16:45:38.959 [info] Review+0> Validate state in progress
2024-08-01 16:45:38.959 [info] Review+0> Validating state...
2024-08-01 16:45:39.339 [info] Found GitHub remote for folder /workspace/project
2024-08-01 16:45:39.340 [info] Using in-memory cached assignable users.
2024-08-01 16:45:39.454 [info] Review+0> No matching pull request metadata found locally for current branch main
2024-08-01 16:45:41.784 [info] Review+0> No matching pull request metadata found on GitHub for current branch main
