2024-08-01 16:47:24.209 [warning] /home/gitpod/.ssh/config: ENOENT: no such file or directory, open '/home/gitpod/.ssh/config'
2024-08-01 16:47:24.209 [info] Activation> Extension version: 0.92.0
2024-08-01 16:47:28.530 [info] Looking for git repository
2024-08-01 16:47:28.530 [info] Found 0 repositories during activation
2024-08-01 16:47:28.530 [info] Git repository found, initializing review manager and pr tree view.
2024-08-01 16:47:28.534 [info] Registering git provider
2024-08-01 16:47:28.535 [info] Review+0> Validate state in progress
2024-08-01 16:47:28.535 [info] Review+0> Validating state...
2024-08-01 16:47:28.535 [warning] No remotes found. The following remotes are missing: origin, upstream
2024-08-01 16:47:28.535 [info] No GitHub remotes found for folder /workspace/.vscode-remote
2024-08-01 16:47:28.565 [info] Review+0> No matching pull request metadata found locally for current branch master
2024-08-01 16:47:28.572 [info] Repo state for file:///workspace/.vscode-remote changed.
2024-08-01 16:47:28.573 [info] Repo file:///workspace/.vscode-remote has already been setup.
2024-08-01 16:47:28.591 [info] Review+0> No matching pull request metadata found on GitHub for current branch master
2024-08-01 16:47:36.868 [info] Review+0> Validate state in progress
2024-08-01 16:47:36.868 [info] Review+0> Validating state...
2024-08-01 16:47:36.868 [warning] No remotes found. The following remotes are missing: origin, upstream
2024-08-01 16:47:36.868 [info] No GitHub remotes found for folder /workspace/.vscode-remote
2024-08-01 16:47:36.885 [info] Review+0> No matching pull request metadata found locally for current branch master
2024-08-01 16:47:36.903 [info] Review+0> No matching pull request metadata found on GitHub for current branch master
