2024-08-01 15:51:06.860 [info] Log level: Info
2024-08-01 15:51:06.860 [info] Validating found git in: "git"
2024-08-01 15:51:06.860 [info] Using git "2.43.0" from "git"
2024-08-01 15:51:06.860 [info] > git rev-parse --show-toplevel [2ms]
2024-08-01 15:51:06.860 [info] > git rev-parse --git-dir --git-common-dir [2ms]
2024-08-01 15:51:06.860 [info] Open repository: /workspace/project
2024-08-01 15:51:06.860 [info] > git config --get commit.template [7ms]
2024-08-01 15:51:06.860 [info] > git rev-parse --show-toplevel [3ms]
2024-08-01 15:51:06.860 [info] > git for-each-ref --format=%(refname)%00%(upstream:short)%00%(objectname)%00%(upstream:track)%00%(upstream:remotename)%00%(upstream:remoteref) refs/heads/main refs/remotes/main [7ms]
2024-08-01 15:51:06.860 [warning] ENOENT: no such file or directory, open '/workspace/project/.git/refs/remotes/origin/main'
2024-08-01 15:51:06.860 [info] > git rev-parse --show-toplevel [7ms]
2024-08-01 15:51:06.860 [info] > git rev-parse refs/remotes/origin/main [2ms]
2024-08-01 15:51:06.860 [info] > git status -z -uall [3ms]
2024-08-01 15:51:06.860 [info] > git for-each-ref --format=%(refname)%00%(upstream:short)%00%(objectname)%00%(upstream:track)%00%(upstream:remotename)%00%(upstream:remoteref) refs/heads/main refs/remotes/main [11ms]
2024-08-01 15:51:06.860 [info] > git config --get commit.template [7ms]
2024-08-01 15:51:06.860 [info] > git config --local branch.main.vscode-merge-base [7ms]
2024-08-01 15:51:06.860 [warning] git config failed: Failed to execute git
2024-08-01 15:51:06.860 [info] > git for-each-ref --format=%(refname)%00%(upstream:short)%00%(objectname)%00%(upstream:track)%00%(upstream:remotename)%00%(upstream:remoteref) refs/heads/main refs/remotes/main [7ms]
2024-08-01 15:51:06.860 [warning] ENOENT: no such file or directory, open '/workspace/project/.git/refs/remotes/origin/main'
2024-08-01 15:51:06.860 [info] > git reflog main --grep-reflog=branch: Created from *. [7ms]
2024-08-01 15:51:06.860 [info] > git rev-parse refs/remotes/origin/main [131ms]
2024-08-01 15:51:06.860 [info] > git status -z -uall [7ms]
2024-08-01 15:51:06.860 [info] > git symbolic-ref --short refs/remotes/origin/HEAD [146ms]
2024-08-01 15:51:06.860 [info] > git for-each-ref --format=%(refname)%00%(upstream:short)%00%(objectname)%00%(upstream:track)%00%(upstream:remotename)%00%(upstream:remoteref) refs/heads/main refs/remotes/main [8ms]
2024-08-01 15:51:06.860 [info] > git for-each-ref --format=%(refname)%00%(upstream:short)%00%(objectname)%00%(upstream:track)%00%(upstream:remotename)%00%(upstream:remoteref) refs/heads/origin/main refs/remotes/origin/main [9ms]
2024-08-01 15:51:06.860 [info] > git config --local branch.main.vscode-merge-base [8ms]
2024-08-01 15:51:06.860 [warning] git config failed: Failed to execute git
2024-08-01 15:51:06.860 [info] > git config --local branch.main.vscode-merge-base origin/main [7ms]
2024-08-01 15:51:06.860 [info] > git reflog main --grep-reflog=branch: Created from *. [32ms]
2024-08-01 15:51:06.860 [info] > git config --get commit.template [6ms]
2024-08-01 15:51:06.860 [info] > git symbolic-ref --short refs/remotes/origin/HEAD [6ms]
2024-08-01 15:51:06.860 [info] > git for-each-ref --format=%(refname)%00%(upstream:short)%00%(objectname)%00%(upstream:track)%00%(upstream:remotename)%00%(upstream:remoteref) refs/heads/main refs/remotes/main [5ms]
2024-08-01 15:51:06.860 [warning] ENOENT: no such file or directory, open '/workspace/project/.git/refs/remotes/origin/main'
2024-08-01 15:51:06.860 [info] > git for-each-ref --format=%(refname)%00%(upstream:short)%00%(objectname)%00%(upstream:track)%00%(upstream:remotename)%00%(upstream:remoteref) refs/heads/origin/main refs/remotes/origin/main [5ms]
2024-08-01 15:51:06.860 [info] > git rev-parse refs/remotes/origin/main [6ms]
2024-08-01 15:51:06.860 [info] > git config --local branch.main.vscode-merge-base origin/main [6ms]
2024-08-01 15:51:06.860 [info] > git status -z -uall [16ms] (cancelled)
2024-08-01 15:51:06.860 [info] > git merge-base refs/heads/main refs/remotes/origin/main [9ms]
2024-08-01 15:51:06.860 [info] > git config --get commit.template [7ms]
2024-08-01 15:51:06.860 [info] > git rev-list --count --left-right refs/heads/main...refs/remotes/origin/main [6ms]
2024-08-01 15:51:06.860 [info] > git for-each-ref --format=%(refname)%00%(upstream:short)%00%(objectname)%00%(upstream:track)%00%(upstream:remotename)%00%(upstream:remoteref) refs/heads/main refs/remotes/main [7ms]
2024-08-01 15:51:06.860 [warning] ENOENT: no such file or directory, open '/workspace/project/.git/refs/remotes/origin/main'
2024-08-01 15:51:06.860 [info] > git diff --name-status -z --diff-filter=ADMR 2bb7155f5fb9b5ee8e361053405e32da41235798...refs/remotes/origin/main [6ms]
2024-08-01 15:51:06.860 [info] > git rev-parse refs/remotes/origin/main [2ms]
2024-08-01 15:51:06.860 [info] > git status -z -uall [3ms]
2024-08-01 15:51:06.860 [info] > git for-each-ref --format=%(refname)%00%(upstream:short)%00%(objectname)%00%(upstream:track)%00%(upstream:remotename)%00%(upstream:remoteref) refs/heads/main refs/remotes/main [2ms]
2024-08-01 15:51:06.860 [info] > git config --local branch.main.vscode-merge-base [1ms]
2024-08-01 15:51:06.860 [info] > git for-each-ref --format=%(refname)%00%(upstream:short)%00%(objectname)%00%(upstream:track)%00%(upstream:remotename)%00%(upstream:remoteref) refs/heads/origin/main refs/remotes/origin/main [2ms]
2024-08-01 15:51:07.367 [info] > git check-ignore -v -z --stdin [1ms]
2024-08-01 15:51:08.043 [info] > git config --get commit.template [7ms]
2024-08-01 15:51:08.045 [info] > git for-each-ref --format=%(refname)%00%(upstream:short)%00%(objectname)%00%(upstream:track)%00%(upstream:remotename)%00%(upstream:remoteref) refs/heads/main refs/remotes/main [3ms]
2024-08-01 15:51:08.050 [warning] ENOENT: no such file or directory, open '/workspace/project/.git/refs/remotes/origin/main'
2024-08-01 15:51:08.052 [info] > git rev-parse refs/remotes/origin/main [2ms]
2024-08-01 15:51:08.061 [info] > git status -z -uall [2ms]
2024-08-01 15:51:08.074 [info] > git for-each-ref --format=%(refname)%00%(upstream:short)%00%(objectname)%00%(upstream:track)%00%(upstream:remotename)%00%(upstream:remoteref) refs/heads/main refs/remotes/main [7ms]
2024-08-01 15:51:08.082 [info] > git config --local branch.main.vscode-merge-base [1ms]
2024-08-01 15:51:08.089 [info] > git for-each-ref --format=%(refname)%00%(upstream:short)%00%(objectname)%00%(upstream:track)%00%(upstream:remotename)%00%(upstream:remoteref) refs/heads/origin/main refs/remotes/origin/main [2ms]
2024-08-01 15:51:10.595 [info] > git config --local branch.main.github-pr-owner-number [119ms]
2024-08-01 15:51:10.595 [warning] git config failed: Failed to execute git
2024-08-01 15:51:13.084 [info] > git config --get commit.template [7ms]
2024-08-01 15:51:13.085 [info] > git for-each-ref --format=%(refname)%00%(upstream:short)%00%(objectname)%00%(upstream:track)%00%(upstream:remotename)%00%(upstream:remoteref) refs/heads/main refs/remotes/main [3ms]
2024-08-01 15:51:13.091 [warning] ENOENT: no such file or directory, open '/workspace/project/.git/refs/remotes/origin/main'
2024-08-01 15:51:13.092 [info] > git rev-parse refs/remotes/origin/main [1ms]
2024-08-01 15:51:13.101 [info] > git status -z -uall [3ms]
2024-08-01 15:51:13.110 [info] > git for-each-ref --format=%(refname)%00%(upstream:short)%00%(objectname)%00%(upstream:track)%00%(upstream:remotename)%00%(upstream:remoteref) refs/heads/main refs/remotes/main [2ms]
2024-08-01 15:51:13.117 [info] > git config --local branch.main.vscode-merge-base [1ms]
2024-08-01 15:51:13.125 [info] > git for-each-ref --format=%(refname)%00%(upstream:short)%00%(objectname)%00%(upstream:track)%00%(upstream:remotename)%00%(upstream:remoteref) refs/heads/origin/main refs/remotes/origin/main [2ms]
2024-08-01 15:51:31.315 [info] > git config --get commit.template [7ms]
2024-08-01 15:51:31.316 [info] > git for-each-ref --format=%(refname)%00%(upstream:short)%00%(objectname)%00%(upstream:track)%00%(upstream:remotename)%00%(upstream:remoteref) refs/heads/main refs/remotes/main [3ms]
2024-08-01 15:51:31.321 [warning] ENOENT: no such file or directory, open '/workspace/project/.git/refs/remotes/origin/main'
2024-08-01 15:51:31.323 [info] > git rev-parse refs/remotes/origin/main [1ms]
2024-08-01 15:51:31.331 [info] > git status -z -uall [2ms]
2024-08-01 15:51:31.457 [info] > git for-each-ref --format=%(refname)%00%(upstream:short)%00%(objectname)%00%(upstream:track)%00%(upstream:remotename)%00%(upstream:remoteref) refs/heads/main refs/remotes/main [120ms]
2024-08-01 15:51:31.465 [info] > git config --local branch.main.vscode-merge-base [2ms]
2024-08-01 15:51:31.481 [info] > git for-each-ref --format=%(refname)%00%(upstream:short)%00%(objectname)%00%(upstream:track)%00%(upstream:remotename)%00%(upstream:remoteref) refs/heads/origin/main refs/remotes/origin/main [10ms]
2024-08-01 15:51:31.491 [info] > git merge-base refs/heads/main refs/remotes/origin/main [4ms]
2024-08-01 15:51:31.501 [info] > git rev-list --count --left-right refs/heads/main...refs/remotes/origin/main [4ms]
2024-08-01 15:51:31.509 [info] > git diff --name-status -z --diff-filter=ADMR 2bb7155f5fb9b5ee8e361053405e32da41235798...refs/remotes/origin/main [3ms]
2024-08-01 15:51:31.598 [info] > git check-ignore -v -z --stdin [2ms]
2024-08-01 15:51:31.949 [info] > git config --local branch.main.github-pr-owner-number [103ms]
2024-08-01 15:51:31.949 [warning] git config failed: Failed to execute git
2024-08-01 15:51:36.353 [info] > git config --get commit.template [5ms]
2024-08-01 15:51:36.355 [info] > git for-each-ref --format=%(refname)%00%(upstream:short)%00%(objectname)%00%(upstream:track)%00%(upstream:remotename)%00%(upstream:remoteref) refs/heads/main refs/remotes/main [2ms]
2024-08-01 15:51:36.360 [warning] ENOENT: no such file or directory, open '/workspace/project/.git/refs/remotes/origin/main'
2024-08-01 15:51:36.362 [info] > git rev-parse refs/remotes/origin/main [2ms]
2024-08-01 15:51:36.369 [info] > git status -z -uall [3ms]
2024-08-01 15:51:36.378 [info] > git for-each-ref --format=%(refname)%00%(upstream:short)%00%(objectname)%00%(upstream:track)%00%(upstream:remotename)%00%(upstream:remoteref) refs/heads/main refs/remotes/main [4ms]
2024-08-01 15:51:36.384 [info] > git config --local branch.main.vscode-merge-base [1ms]
2024-08-01 15:51:36.393 [info] > git for-each-ref --format=%(refname)%00%(upstream:short)%00%(objectname)%00%(upstream:track)%00%(upstream:remotename)%00%(upstream:remoteref) refs/heads/origin/main refs/remotes/origin/main [3ms]
2024-08-01 15:51:41.388 [info] > git config --get commit.template [5ms]
2024-08-01 15:51:41.390 [info] > git for-each-ref --format=%(refname)%00%(upstream:short)%00%(objectname)%00%(upstream:track)%00%(upstream:remotename)%00%(upstream:remoteref) refs/heads/main refs/remotes/main [3ms]
2024-08-01 15:51:41.394 [warning] ENOENT: no such file or directory, open '/workspace/project/.git/refs/remotes/origin/main'
2024-08-01 15:51:41.395 [info] > git rev-parse refs/remotes/origin/main [1ms]
2024-08-01 15:51:41.402 [info] > git status -z -uall [2ms]
2024-08-01 15:51:41.519 [info] > git for-each-ref --format=%(refname)%00%(upstream:short)%00%(objectname)%00%(upstream:track)%00%(upstream:remotename)%00%(upstream:remoteref) refs/heads/main refs/remotes/main [112ms]
2024-08-01 15:51:41.527 [info] > git config --local branch.main.vscode-merge-base [3ms]
2024-08-01 15:51:41.540 [info] > git for-each-ref --format=%(refname)%00%(upstream:short)%00%(objectname)%00%(upstream:track)%00%(upstream:remotename)%00%(upstream:remoteref) refs/heads/origin/main refs/remotes/origin/main [9ms]
2024-08-01 15:51:41.549 [info] > git merge-base refs/heads/main refs/remotes/origin/main [4ms]
2024-08-01 15:51:41.556 [info] > git rev-list --count --left-right refs/heads/main...refs/remotes/origin/main [2ms]
2024-08-01 15:51:41.563 [info] > git diff --name-status -z --diff-filter=ADMR 2bb7155f5fb9b5ee8e361053405e32da41235798...refs/remotes/origin/main [2ms]
2024-08-01 15:51:41.899 [info] > git config --local branch.main.github-pr-owner-number [104ms]
2024-08-01 15:51:41.899 [warning] git config failed: Failed to execute git
2024-08-01 15:51:46.423 [info] > git config --get commit.template [7ms]
2024-08-01 15:51:46.424 [info] > git for-each-ref --format=%(refname)%00%(upstream:short)%00%(objectname)%00%(upstream:track)%00%(upstream:remotename)%00%(upstream:remoteref) refs/heads/main refs/remotes/main [3ms]
2024-08-01 15:51:46.429 [warning] ENOENT: no such file or directory, open '/workspace/project/.git/refs/remotes/origin/main'
2024-08-01 15:51:46.431 [info] > git rev-parse refs/remotes/origin/main [1ms]
2024-08-01 15:51:46.438 [info] > git status -z -uall [3ms]
2024-08-01 15:51:46.446 [info] > git for-each-ref --format=%(refname)%00%(upstream:short)%00%(objectname)%00%(upstream:track)%00%(upstream:remotename)%00%(upstream:remoteref) refs/heads/main refs/remotes/main [2ms]
2024-08-01 15:51:46.453 [info] > git config --local branch.main.vscode-merge-base [1ms]
2024-08-01 15:51:46.461 [info] > git for-each-ref --format=%(refname)%00%(upstream:short)%00%(objectname)%00%(upstream:track)%00%(upstream:remotename)%00%(upstream:remoteref) refs/heads/origin/main refs/remotes/origin/main [2ms]
2024-08-01 15:52:00.516 [info] > git config --get commit.template [5ms]
2024-08-01 15:52:00.519 [info] > git for-each-ref --format=%(refname)%00%(upstream:short)%00%(objectname)%00%(upstream:track)%00%(upstream:remotename)%00%(upstream:remoteref) refs/heads/main refs/remotes/main [4ms]
2024-08-01 15:52:00.524 [warning] ENOENT: no such file or directory, open '/workspace/project/.git/refs/remotes/origin/main'
2024-08-01 15:52:00.525 [info] > git rev-parse refs/remotes/origin/main [1ms]
2024-08-01 15:52:00.533 [info] > git status -z -uall [2ms]
2024-08-01 15:52:00.540 [info] > git for-each-ref --format=%(refname)%00%(upstream:short)%00%(objectname)%00%(upstream:track)%00%(upstream:remotename)%00%(upstream:remoteref) refs/heads/main refs/remotes/main [2ms]
2024-08-01 15:52:00.547 [info] > git config --local branch.main.vscode-merge-base [1ms]
2024-08-01 15:52:00.554 [info] > git for-each-ref --format=%(refname)%00%(upstream:short)%00%(objectname)%00%(upstream:track)%00%(upstream:remotename)%00%(upstream:remoteref) refs/heads/origin/main refs/remotes/origin/main [2ms]
2024-08-01 15:56:09.926 [info] > git config --local branch.main.github-pr-owner-number [1ms]
2024-08-01 15:56:09.927 [warning] git config failed: Failed to execute git
2024-08-01 16:01:09.936 [info] > git config --local branch.main.github-pr-owner-number [2ms]
2024-08-01 16:01:09.936 [warning] git config failed: Failed to execute git
2024-08-01 16:02:30.429 [info] > git config --get commit.template [7ms]
2024-08-01 16:02:30.431 [info] > git for-each-ref --format=%(refname)%00%(upstream:short)%00%(objectname)%00%(upstream:track)%00%(upstream:remotename)%00%(upstream:remoteref) refs/heads/main refs/remotes/main [3ms]
2024-08-01 16:02:30.436 [warning] ENOENT: no such file or directory, open '/workspace/project/.git/refs/remotes/origin/main'
2024-08-01 16:02:30.437 [info] > git rev-parse refs/remotes/origin/main [1ms]
2024-08-01 16:02:30.445 [info] > git status -z -uall [3ms]
2024-08-01 16:02:30.454 [info] > git for-each-ref --format=%(refname)%00%(upstream:short)%00%(objectname)%00%(upstream:track)%00%(upstream:remotename)%00%(upstream:remoteref) refs/heads/main refs/remotes/main [3ms]
2024-08-01 16:02:30.461 [info] > git config --local branch.main.vscode-merge-base [2ms]
2024-08-01 16:02:30.468 [info] > git for-each-ref --format=%(refname)%00%(upstream:short)%00%(objectname)%00%(upstream:track)%00%(upstream:remotename)%00%(upstream:remoteref) refs/heads/origin/main refs/remotes/origin/main [2ms]
2024-08-01 16:02:44.432 [info] > git config --get commit.template [6ms]
2024-08-01 16:02:44.434 [info] > git for-each-ref --format=%(refname)%00%(upstream:short)%00%(objectname)%00%(upstream:track)%00%(upstream:remotename)%00%(upstream:remoteref) refs/heads/main refs/remotes/main [3ms]
2024-08-01 16:02:44.439 [warning] ENOENT: no such file or directory, open '/workspace/project/.git/refs/remotes/origin/main'
2024-08-01 16:02:44.441 [info] > git rev-parse refs/remotes/origin/main [2ms]
2024-08-01 16:02:44.448 [info] > git status -z -uall [3ms]
2024-08-01 16:02:44.456 [info] > git for-each-ref --format=%(refname)%00%(upstream:short)%00%(objectname)%00%(upstream:track)%00%(upstream:remotename)%00%(upstream:remoteref) refs/heads/main refs/remotes/main [2ms]
2024-08-01 16:02:44.463 [info] > git config --local branch.main.vscode-merge-base [1ms]
2024-08-01 16:02:44.470 [info] > git for-each-ref --format=%(refname)%00%(upstream:short)%00%(objectname)%00%(upstream:track)%00%(upstream:remotename)%00%(upstream:remoteref) refs/heads/origin/main refs/remotes/origin/main [2ms]
2024-08-01 16:03:52.373 [info] > git config --get commit.template [6ms]
2024-08-01 16:03:52.375 [info] > git for-each-ref --format=%(refname)%00%(upstream:short)%00%(objectname)%00%(upstream:track)%00%(upstream:remotename)%00%(upstream:remoteref) refs/heads/main refs/remotes/main [3ms]
2024-08-01 16:03:52.379 [warning] ENOENT: no such file or directory, open '/workspace/project/.git/refs/remotes/origin/main'
2024-08-01 16:03:52.381 [info] > git rev-parse refs/remotes/origin/main [2ms]
2024-08-01 16:03:52.388 [info] > git status -z -uall [3ms]
2024-08-01 16:03:52.396 [info] > git for-each-ref --format=%(refname)%00%(upstream:short)%00%(objectname)%00%(upstream:track)%00%(upstream:remotename)%00%(upstream:remoteref) refs/heads/main refs/remotes/main [3ms]
2024-08-01 16:03:52.402 [info] > git config --local branch.main.vscode-merge-base [1ms]
2024-08-01 16:03:52.408 [info] > git for-each-ref --format=%(refname)%00%(upstream:short)%00%(objectname)%00%(upstream:track)%00%(upstream:remotename)%00%(upstream:remoteref) refs/heads/origin/main refs/remotes/origin/main [1ms]
2024-08-01 16:03:57.408 [info] > git config --get commit.template [7ms]
2024-08-01 16:03:57.410 [info] > git for-each-ref --format=%(refname)%00%(upstream:short)%00%(objectname)%00%(upstream:track)%00%(upstream:remotename)%00%(upstream:remoteref) refs/heads/main refs/remotes/main [2ms]
2024-08-01 16:03:57.415 [warning] ENOENT: no such file or directory, open '/workspace/project/.git/refs/remotes/origin/main'
2024-08-01 16:03:57.417 [info] > git rev-parse refs/remotes/origin/main [1ms]
2024-08-01 16:03:57.423 [info] > git status -z -uall [2ms]
2024-08-01 16:03:57.432 [info] > git for-each-ref --format=%(refname)%00%(upstream:short)%00%(objectname)%00%(upstream:track)%00%(upstream:remotename)%00%(upstream:remoteref) refs/heads/main refs/remotes/main [3ms]
2024-08-01 16:03:57.438 [info] > git config --local branch.main.vscode-merge-base [2ms]
2024-08-01 16:03:57.444 [info] > git for-each-ref --format=%(refname)%00%(upstream:short)%00%(objectname)%00%(upstream:track)%00%(upstream:remotename)%00%(upstream:remoteref) refs/heads/origin/main refs/remotes/origin/main [1ms]
2024-08-01 16:05:10.147 [info] > git config --get commit.template [5ms]
2024-08-01 16:05:10.149 [info] > git for-each-ref --format=%(refname)%00%(upstream:short)%00%(objectname)%00%(upstream:track)%00%(upstream:remotename)%00%(upstream:remoteref) refs/heads/main refs/remotes/main [3ms]
2024-08-01 16:05:10.154 [warning] ENOENT: no such file or directory, open '/workspace/project/.git/refs/remotes/origin/main'
2024-08-01 16:05:10.156 [info] > git rev-parse refs/remotes/origin/main [2ms]
2024-08-01 16:05:10.163 [info] > git status -z -uall [2ms]
2024-08-01 16:05:10.171 [info] > git for-each-ref --format=%(refname)%00%(upstream:short)%00%(objectname)%00%(upstream:track)%00%(upstream:remotename)%00%(upstream:remoteref) refs/heads/main refs/remotes/main [3ms]
2024-08-01 16:05:10.177 [info] > git config --local branch.main.vscode-merge-base [2ms]
2024-08-01 16:05:10.183 [info] > git for-each-ref --format=%(refname)%00%(upstream:short)%00%(objectname)%00%(upstream:track)%00%(upstream:remotename)%00%(upstream:remoteref) refs/heads/origin/main refs/remotes/origin/main [2ms]
2024-08-01 16:05:15.181 [info] > git config --get commit.template [5ms]
2024-08-01 16:05:15.183 [info] > git for-each-ref --format=%(refname)%00%(upstream:short)%00%(objectname)%00%(upstream:track)%00%(upstream:remotename)%00%(upstream:remoteref) refs/heads/main refs/remotes/main [3ms]
2024-08-01 16:05:15.187 [warning] ENOENT: no such file or directory, open '/workspace/project/.git/refs/remotes/origin/main'
2024-08-01 16:05:15.189 [info] > git rev-parse refs/remotes/origin/main [2ms]
2024-08-01 16:05:15.196 [info] > git status -z -uall [2ms]
2024-08-01 16:05:15.204 [info] > git for-each-ref --format=%(refname)%00%(upstream:short)%00%(objectname)%00%(upstream:track)%00%(upstream:remotename)%00%(upstream:remoteref) refs/heads/main refs/remotes/main [2ms]
2024-08-01 16:05:15.211 [info] > git config --local branch.main.vscode-merge-base [1ms]
2024-08-01 16:05:15.218 [info] > git for-each-ref --format=%(refname)%00%(upstream:short)%00%(objectname)%00%(upstream:track)%00%(upstream:remotename)%00%(upstream:remoteref) refs/heads/origin/main refs/remotes/origin/main [2ms]
2024-08-01 16:05:38.697 [info] > git config --get commit.template [5ms]
2024-08-01 16:05:38.699 [info] > git for-each-ref --format=%(refname)%00%(upstream:short)%00%(objectname)%00%(upstream:track)%00%(upstream:remotename)%00%(upstream:remoteref) refs/heads/main refs/remotes/main [2ms]
2024-08-01 16:05:38.703 [warning] ENOENT: no such file or directory, open '/workspace/project/.git/refs/remotes/origin/main'
2024-08-01 16:05:38.705 [info] > git rev-parse refs/remotes/origin/main [2ms]
2024-08-01 16:05:38.712 [info] > git status -z -uall [3ms]
2024-08-01 16:05:38.720 [info] > git for-each-ref --format=%(refname)%00%(upstream:short)%00%(objectname)%00%(upstream:track)%00%(upstream:remotename)%00%(upstream:remoteref) refs/heads/main refs/remotes/main [2ms]
2024-08-01 16:05:38.725 [info] > git config --local branch.main.vscode-merge-base [1ms]
2024-08-01 16:05:38.732 [info] > git for-each-ref --format=%(refname)%00%(upstream:short)%00%(objectname)%00%(upstream:track)%00%(upstream:remotename)%00%(upstream:remoteref) refs/heads/origin/main refs/remotes/origin/main [2ms]
2024-08-01 16:05:48.476 [info] > git config --get commit.template [6ms]
2024-08-01 16:05:48.478 [info] > git for-each-ref --format=%(refname)%00%(upstream:short)%00%(objectname)%00%(upstream:track)%00%(upstream:remotename)%00%(upstream:remoteref) refs/heads/main refs/remotes/main [2ms]
2024-08-01 16:05:48.483 [warning] ENOENT: no such file or directory, open '/workspace/project/.git/refs/remotes/origin/main'
2024-08-01 16:05:48.484 [info] > git rev-parse refs/remotes/origin/main [1ms]
2024-08-01 16:05:48.491 [info] > git status -z -uall [2ms]
2024-08-01 16:05:48.499 [info] > git for-each-ref --format=%(refname)%00%(upstream:short)%00%(objectname)%00%(upstream:track)%00%(upstream:remotename)%00%(upstream:remoteref) refs/heads/main refs/remotes/main [3ms]
2024-08-01 16:05:48.507 [info] > git config --local branch.main.vscode-merge-base [2ms]
2024-08-01 16:05:48.514 [info] > git for-each-ref --format=%(refname)%00%(upstream:short)%00%(objectname)%00%(upstream:track)%00%(upstream:remotename)%00%(upstream:remoteref) refs/heads/origin/main refs/remotes/origin/main [2ms]
2024-08-01 16:06:09.943 [info] > git config --local branch.main.github-pr-owner-number [2ms]
2024-08-01 16:06:09.943 [warning] git config failed: Failed to execute git
2024-08-01 16:06:11.291 [info] > git config --get commit.template [7ms]
2024-08-01 16:06:11.293 [info] > git for-each-ref --format=%(refname)%00%(upstream:short)%00%(objectname)%00%(upstream:track)%00%(upstream:remotename)%00%(upstream:remoteref) refs/heads/main refs/remotes/main [3ms]
2024-08-01 16:06:11.298 [warning] ENOENT: no such file or directory, open '/workspace/project/.git/refs/remotes/origin/main'
2024-08-01 16:06:11.299 [info] > git rev-parse refs/remotes/origin/main [1ms]
2024-08-01 16:06:11.306 [info] > git status -z -uall [2ms]
2024-08-01 16:06:11.314 [info] > git for-each-ref --format=%(refname)%00%(upstream:short)%00%(objectname)%00%(upstream:track)%00%(upstream:remotename)%00%(upstream:remoteref) refs/heads/main refs/remotes/main [2ms]
2024-08-01 16:06:11.320 [info] > git config --local branch.main.vscode-merge-base [1ms]
2024-08-01 16:06:11.327 [info] > git for-each-ref --format=%(refname)%00%(upstream:short)%00%(objectname)%00%(upstream:track)%00%(upstream:remotename)%00%(upstream:remoteref) refs/heads/origin/main refs/remotes/origin/main [1ms]
2024-08-01 16:09:08.103 [info] > git config --get commit.template [6ms]
2024-08-01 16:09:08.106 [info] > git for-each-ref --format=%(refname)%00%(upstream:short)%00%(objectname)%00%(upstream:track)%00%(upstream:remotename)%00%(upstream:remoteref) refs/heads/main refs/remotes/main [3ms]
2024-08-01 16:09:08.111 [warning] ENOENT: no such file or directory, open '/workspace/project/.git/refs/remotes/origin/main'
2024-08-01 16:09:08.113 [info] > git rev-parse refs/remotes/origin/main [2ms]
2024-08-01 16:09:08.122 [info] > git status -z -uall [3ms]
2024-08-01 16:09:08.134 [info] > git for-each-ref --format=%(refname)%00%(upstream:short)%00%(objectname)%00%(upstream:track)%00%(upstream:remotename)%00%(upstream:remoteref) refs/heads/main refs/remotes/main [4ms]
2024-08-01 16:09:08.143 [info] > git config --local branch.main.vscode-merge-base [2ms]
2024-08-01 16:09:08.152 [info] > git for-each-ref --format=%(refname)%00%(upstream:short)%00%(objectname)%00%(upstream:track)%00%(upstream:remotename)%00%(upstream:remoteref) refs/heads/origin/main refs/remotes/origin/main [3ms]
2024-08-01 16:09:15.007 [info] > git config --get commit.template [8ms]
2024-08-01 16:09:15.009 [info] > git for-each-ref --format=%(refname)%00%(upstream:short)%00%(objectname)%00%(upstream:track)%00%(upstream:remotename)%00%(upstream:remoteref) refs/heads/main refs/remotes/main [3ms]
2024-08-01 16:09:15.014 [warning] ENOENT: no such file or directory, open '/workspace/project/.git/refs/remotes/origin/main'
2024-08-01 16:09:15.016 [info] > git rev-parse refs/remotes/origin/main [2ms]
2024-08-01 16:09:15.023 [info] > git status -z -uall [2ms]
2024-08-01 16:09:15.032 [info] > git for-each-ref --format=%(refname)%00%(upstream:short)%00%(objectname)%00%(upstream:track)%00%(upstream:remotename)%00%(upstream:remoteref) refs/heads/main refs/remotes/main [2ms]
2024-08-01 16:09:15.039 [info] > git config --local branch.main.vscode-merge-base [1ms]
2024-08-01 16:09:15.046 [info] > git for-each-ref --format=%(refname)%00%(upstream:short)%00%(objectname)%00%(upstream:track)%00%(upstream:remotename)%00%(upstream:remoteref) refs/heads/origin/main refs/remotes/origin/main [2ms]
2024-08-01 16:09:21.879 [info] > git config --get commit.template [7ms]
2024-08-01 16:09:21.881 [info] > git for-each-ref --format=%(refname)%00%(upstream:short)%00%(objectname)%00%(upstream:track)%00%(upstream:remotename)%00%(upstream:remoteref) refs/heads/main refs/remotes/main [3ms]
2024-08-01 16:09:21.886 [warning] ENOENT: no such file or directory, open '/workspace/project/.git/refs/remotes/origin/main'
2024-08-01 16:09:21.888 [info] > git rev-parse refs/remotes/origin/main [2ms]
2024-08-01 16:09:21.895 [info] > git status -z -uall [2ms]
2024-08-01 16:09:21.904 [info] > git for-each-ref --format=%(refname)%00%(upstream:short)%00%(objectname)%00%(upstream:track)%00%(upstream:remotename)%00%(upstream:remoteref) refs/heads/main refs/remotes/main [3ms]
2024-08-01 16:09:21.910 [info] > git config --local branch.main.vscode-merge-base [1ms]
2024-08-01 16:09:21.917 [info] > git for-each-ref --format=%(refname)%00%(upstream:short)%00%(objectname)%00%(upstream:track)%00%(upstream:remotename)%00%(upstream:remoteref) refs/heads/origin/main refs/remotes/origin/main [2ms]
2024-08-01 16:09:43.941 [info] > git config --get commit.template [5ms]
2024-08-01 16:09:43.943 [info] > git for-each-ref --format=%(refname)%00%(upstream:short)%00%(objectname)%00%(upstream:track)%00%(upstream:remotename)%00%(upstream:remoteref) refs/heads/main refs/remotes/main [2ms]
2024-08-01 16:09:43.949 [warning] ENOENT: no such file or directory, open '/workspace/project/.git/refs/remotes/origin/main'
2024-08-01 16:09:43.950 [info] > git rev-parse refs/remotes/origin/main [2ms]
2024-08-01 16:09:43.957 [info] > git status -z -uall [2ms]
2024-08-01 16:09:43.967 [info] > git for-each-ref --format=%(refname)%00%(upstream:short)%00%(objectname)%00%(upstream:track)%00%(upstream:remotename)%00%(upstream:remoteref) refs/heads/main refs/remotes/main [3ms]
2024-08-01 16:09:43.974 [info] > git config --local branch.main.vscode-merge-base [2ms]
2024-08-01 16:09:43.982 [info] > git for-each-ref --format=%(refname)%00%(upstream:short)%00%(objectname)%00%(upstream:track)%00%(upstream:remotename)%00%(upstream:remoteref) refs/heads/origin/main refs/remotes/origin/main [2ms]
2024-08-01 16:10:09.723 [info] > git config --get commit.template [5ms]
2024-08-01 16:10:09.725 [info] > git for-each-ref --format=%(refname)%00%(upstream:short)%00%(objectname)%00%(upstream:track)%00%(upstream:remotename)%00%(upstream:remoteref) refs/heads/main refs/remotes/main [3ms]
2024-08-01 16:10:09.731 [warning] ENOENT: no such file or directory, open '/workspace/project/.git/refs/remotes/origin/main'
2024-08-01 16:10:09.732 [info] > git rev-parse refs/remotes/origin/main [1ms]
2024-08-01 16:10:09.742 [info] > git status -z -uall [4ms]
2024-08-01 16:10:09.751 [info] > git for-each-ref --format=%(refname)%00%(upstream:short)%00%(objectname)%00%(upstream:track)%00%(upstream:remotename)%00%(upstream:remoteref) refs/heads/main refs/remotes/main [3ms]
2024-08-01 16:10:09.758 [info] > git config --local branch.main.vscode-merge-base [1ms]
2024-08-01 16:10:09.766 [info] > git for-each-ref --format=%(refname)%00%(upstream:short)%00%(objectname)%00%(upstream:track)%00%(upstream:remotename)%00%(upstream:remoteref) refs/heads/origin/main refs/remotes/origin/main [2ms]
2024-08-01 16:10:14.764 [info] > git config --get commit.template [7ms]
2024-08-01 16:10:14.766 [info] > git for-each-ref --format=%(refname)%00%(upstream:short)%00%(objectname)%00%(upstream:track)%00%(upstream:remotename)%00%(upstream:remoteref) refs/heads/main refs/remotes/main [3ms]
2024-08-01 16:10:14.772 [warning] ENOENT: no such file or directory, open '/workspace/project/.git/refs/remotes/origin/main'
2024-08-01 16:10:14.774 [info] > git rev-parse refs/remotes/origin/main [2ms]
2024-08-01 16:10:14.782 [info] > git status -z -uall [3ms]
2024-08-01 16:10:14.791 [info] > git for-each-ref --format=%(refname)%00%(upstream:short)%00%(objectname)%00%(upstream:track)%00%(upstream:remotename)%00%(upstream:remoteref) refs/heads/main refs/remotes/main [3ms]
2024-08-01 16:10:14.798 [info] > git config --local branch.main.vscode-merge-base [1ms]
2024-08-01 16:10:14.805 [info] > git for-each-ref --format=%(refname)%00%(upstream:short)%00%(objectname)%00%(upstream:track)%00%(upstream:remotename)%00%(upstream:remoteref) refs/heads/origin/main refs/remotes/origin/main [2ms]
2024-08-01 16:11:09.951 [info] > git config --local branch.main.github-pr-owner-number [2ms]
2024-08-01 16:11:09.951 [warning] git config failed: Failed to execute git
2024-08-01 16:11:50.657 [info] > git config --get commit.template [6ms]
2024-08-01 16:11:50.659 [info] > git for-each-ref --format=%(refname)%00%(upstream:short)%00%(objectname)%00%(upstream:track)%00%(upstream:remotename)%00%(upstream:remoteref) refs/heads/main refs/remotes/main [3ms]
2024-08-01 16:11:50.663 [warning] ENOENT: no such file or directory, open '/workspace/project/.git/refs/remotes/origin/main'
2024-08-01 16:11:50.665 [info] > git rev-parse refs/remotes/origin/main [2ms]
2024-08-01 16:11:50.673 [info] > git status -z -uall [3ms]
2024-08-01 16:11:50.685 [info] > git for-each-ref --format=%(refname)%00%(upstream:short)%00%(objectname)%00%(upstream:track)%00%(upstream:remotename)%00%(upstream:remoteref) refs/heads/main refs/remotes/main [3ms]
2024-08-01 16:11:50.692 [info] > git config --local branch.main.vscode-merge-base [2ms]
2024-08-01 16:11:50.698 [info] > git for-each-ref --format=%(refname)%00%(upstream:short)%00%(objectname)%00%(upstream:track)%00%(upstream:remotename)%00%(upstream:remoteref) refs/heads/origin/main refs/remotes/origin/main [1ms]
2024-08-01 16:11:56.415 [info] > git config --get commit.template [7ms]
2024-08-01 16:11:56.417 [info] > git for-each-ref --format=%(refname)%00%(upstream:short)%00%(objectname)%00%(upstream:track)%00%(upstream:remotename)%00%(upstream:remoteref) refs/heads/main refs/remotes/main [2ms]
2024-08-01 16:11:56.422 [warning] ENOENT: no such file or directory, open '/workspace/project/.git/refs/remotes/origin/main'
2024-08-01 16:11:56.423 [info] > git rev-parse refs/remotes/origin/main [1ms]
2024-08-01 16:11:56.431 [info] > git status -z -uall [2ms]
2024-08-01 16:11:56.439 [info] > git for-each-ref --format=%(refname)%00%(upstream:short)%00%(objectname)%00%(upstream:track)%00%(upstream:remotename)%00%(upstream:remoteref) refs/heads/main refs/remotes/main [2ms]
2024-08-01 16:11:56.446 [info] > git config --local branch.main.vscode-merge-base [1ms]
2024-08-01 16:11:56.453 [info] > git for-each-ref --format=%(refname)%00%(upstream:short)%00%(objectname)%00%(upstream:track)%00%(upstream:remotename)%00%(upstream:remoteref) refs/heads/origin/main refs/remotes/origin/main [1ms]
2024-08-01 16:12:28.291 [info] > git config --get commit.template [5ms]
2024-08-01 16:12:28.293 [info] > git for-each-ref --format=%(refname)%00%(upstream:short)%00%(objectname)%00%(upstream:track)%00%(upstream:remotename)%00%(upstream:remoteref) refs/heads/main refs/remotes/main [2ms]
2024-08-01 16:12:28.298 [warning] ENOENT: no such file or directory, open '/workspace/project/.git/refs/remotes/origin/main'
2024-08-01 16:12:28.299 [info] > git rev-parse refs/remotes/origin/main [1ms]
2024-08-01 16:12:28.306 [info] > git status -z -uall [2ms]
2024-08-01 16:12:28.313 [info] > git for-each-ref --format=%(refname)%00%(upstream:short)%00%(objectname)%00%(upstream:track)%00%(upstream:remotename)%00%(upstream:remoteref) refs/heads/main refs/remotes/main [2ms]
2024-08-01 16:12:28.319 [info] > git config --local branch.main.vscode-merge-base [1ms]
2024-08-01 16:12:28.326 [info] > git for-each-ref --format=%(refname)%00%(upstream:short)%00%(objectname)%00%(upstream:track)%00%(upstream:remotename)%00%(upstream:remoteref) refs/heads/origin/main refs/remotes/origin/main [2ms]
2024-08-01 16:12:46.635 [info] > git config --get commit.template [7ms]
2024-08-01 16:12:46.637 [info] > git for-each-ref --format=%(refname)%00%(upstream:short)%00%(objectname)%00%(upstream:track)%00%(upstream:remotename)%00%(upstream:remoteref) refs/heads/main refs/remotes/main [3ms]
2024-08-01 16:12:46.642 [warning] ENOENT: no such file or directory, open '/workspace/project/.git/refs/remotes/origin/main'
2024-08-01 16:12:46.644 [info] > git rev-parse refs/remotes/origin/main [2ms]
2024-08-01 16:12:46.652 [info] > git status -z -uall [3ms]
2024-08-01 16:12:46.661 [info] > git for-each-ref --format=%(refname)%00%(upstream:short)%00%(objectname)%00%(upstream:track)%00%(upstream:remotename)%00%(upstream:remoteref) refs/heads/main refs/remotes/main [3ms]
2024-08-01 16:12:46.669 [info] > git config --local branch.main.vscode-merge-base [2ms]
2024-08-01 16:12:46.678 [info] > git for-each-ref --format=%(refname)%00%(upstream:short)%00%(objectname)%00%(upstream:track)%00%(upstream:remotename)%00%(upstream:remoteref) refs/heads/origin/main refs/remotes/origin/main [2ms]
2024-08-01 16:13:24.521 [info] > git config --get commit.template [8ms]
2024-08-01 16:13:24.522 [info] > git for-each-ref --format=%(refname)%00%(upstream:short)%00%(objectname)%00%(upstream:track)%00%(upstream:remotename)%00%(upstream:remoteref) refs/heads/main refs/remotes/main [3ms]
2024-08-01 16:13:24.528 [warning] ENOENT: no such file or directory, open '/workspace/project/.git/refs/remotes/origin/main'
2024-08-01 16:13:24.529 [info] > git rev-parse refs/remotes/origin/main [1ms]
2024-08-01 16:13:24.537 [info] > git status -z -uall [3ms]
2024-08-01 16:13:24.547 [info] > git for-each-ref --format=%(refname)%00%(upstream:short)%00%(objectname)%00%(upstream:track)%00%(upstream:remotename)%00%(upstream:remoteref) refs/heads/main refs/remotes/main [3ms]
2024-08-01 16:13:24.554 [info] > git config --local branch.main.vscode-merge-base [1ms]
2024-08-01 16:13:24.562 [info] > git for-each-ref --format=%(refname)%00%(upstream:short)%00%(objectname)%00%(upstream:track)%00%(upstream:remotename)%00%(upstream:remoteref) refs/heads/origin/main refs/remotes/origin/main [2ms]
2024-08-01 16:13:56.158 [info] > git config --get commit.template [5ms]
2024-08-01 16:13:56.161 [info] > git for-each-ref --format=%(refname)%00%(upstream:short)%00%(objectname)%00%(upstream:track)%00%(upstream:remotename)%00%(upstream:remoteref) refs/heads/main refs/remotes/main [3ms]
2024-08-01 16:13:56.167 [warning] ENOENT: no such file or directory, open '/workspace/project/.git/refs/remotes/origin/main'
2024-08-01 16:13:56.168 [info] > git rev-parse refs/remotes/origin/main [1ms]
2024-08-01 16:13:56.176 [info] > git status -z -uall [2ms]
2024-08-01 16:13:56.184 [info] > git for-each-ref --format=%(refname)%00%(upstream:short)%00%(objectname)%00%(upstream:track)%00%(upstream:remotename)%00%(upstream:remoteref) refs/heads/main refs/remotes/main [3ms]
2024-08-01 16:13:56.190 [info] > git config --local branch.main.vscode-merge-base [1ms]
2024-08-01 16:13:56.198 [info] > git for-each-ref --format=%(refname)%00%(upstream:short)%00%(objectname)%00%(upstream:track)%00%(upstream:remotename)%00%(upstream:remoteref) refs/heads/origin/main refs/remotes/origin/main [2ms]
2024-08-01 16:16:09.959 [info] > git config --local branch.main.github-pr-owner-number [2ms]
2024-08-01 16:16:09.959 [warning] git config failed: Failed to execute git
2024-08-01 16:16:36.157 [info] > git config --get commit.template [7ms]
2024-08-01 16:16:36.158 [info] > git for-each-ref --format=%(refname)%00%(upstream:short)%00%(objectname)%00%(upstream:track)%00%(upstream:remotename)%00%(upstream:remoteref) refs/heads/main refs/remotes/main [3ms]
2024-08-01 16:16:36.163 [warning] ENOENT: no such file or directory, open '/workspace/project/.git/refs/remotes/origin/main'
2024-08-01 16:16:36.165 [info] > git rev-parse refs/remotes/origin/main [2ms]
2024-08-01 16:16:36.173 [info] > git status -z -uall [3ms]
2024-08-01 16:16:36.181 [info] > git for-each-ref --format=%(refname)%00%(upstream:short)%00%(objectname)%00%(upstream:track)%00%(upstream:remotename)%00%(upstream:remoteref) refs/heads/main refs/remotes/main [3ms]
2024-08-01 16:16:36.187 [info] > git config --local branch.main.vscode-merge-base [1ms]
2024-08-01 16:16:36.194 [info] > git for-each-ref --format=%(refname)%00%(upstream:short)%00%(objectname)%00%(upstream:track)%00%(upstream:remotename)%00%(upstream:remoteref) refs/heads/origin/main refs/remotes/origin/main [2ms]
2024-08-01 16:16:44.949 [info] > git config --get commit.template [7ms]
2024-08-01 16:16:44.951 [info] > git for-each-ref --format=%(refname)%00%(upstream:short)%00%(objectname)%00%(upstream:track)%00%(upstream:remotename)%00%(upstream:remoteref) refs/heads/main refs/remotes/main [3ms]
2024-08-01 16:16:44.956 [warning] ENOENT: no such file or directory, open '/workspace/project/.git/refs/remotes/origin/main'
2024-08-01 16:16:44.958 [info] > git rev-parse refs/remotes/origin/main [2ms]
2024-08-01 16:16:44.966 [info] > git status -z -uall [3ms]
2024-08-01 16:16:44.975 [info] > git for-each-ref --format=%(refname)%00%(upstream:short)%00%(objectname)%00%(upstream:track)%00%(upstream:remotename)%00%(upstream:remoteref) refs/heads/main refs/remotes/main [2ms]
2024-08-01 16:16:44.982 [info] > git config --local branch.main.vscode-merge-base [1ms]
2024-08-01 16:16:44.989 [info] > git for-each-ref --format=%(refname)%00%(upstream:short)%00%(objectname)%00%(upstream:track)%00%(upstream:remotename)%00%(upstream:remoteref) refs/heads/origin/main refs/remotes/origin/main [2ms]
2024-08-01 16:16:59.601 [info] > git config --get commit.template [6ms]
2024-08-01 16:16:59.602 [info] > git for-each-ref --format=%(refname)%00%(upstream:short)%00%(objectname)%00%(upstream:track)%00%(upstream:remotename)%00%(upstream:remoteref) refs/heads/main refs/remotes/main [2ms]
2024-08-01 16:16:59.607 [warning] ENOENT: no such file or directory, open '/workspace/project/.git/refs/remotes/origin/main'
2024-08-01 16:16:59.608 [info] > git rev-parse refs/remotes/origin/main [1ms]
2024-08-01 16:16:59.615 [info] > git status -z -uall [2ms]
2024-08-01 16:16:59.623 [info] > git for-each-ref --format=%(refname)%00%(upstream:short)%00%(objectname)%00%(upstream:track)%00%(upstream:remotename)%00%(upstream:remoteref) refs/heads/main refs/remotes/main [3ms]
2024-08-01 16:16:59.629 [info] > git config --local branch.main.vscode-merge-base [1ms]
2024-08-01 16:16:59.636 [info] > git for-each-ref --format=%(refname)%00%(upstream:short)%00%(objectname)%00%(upstream:track)%00%(upstream:remotename)%00%(upstream:remoteref) refs/heads/origin/main refs/remotes/origin/main [2ms]
2024-08-01 16:20:56.530 [info] > git config --get commit.template [6ms]
2024-08-01 16:20:56.532 [info] > git for-each-ref --format=%(refname)%00%(upstream:short)%00%(objectname)%00%(upstream:track)%00%(upstream:remotename)%00%(upstream:remoteref) refs/heads/main refs/remotes/main [3ms]
2024-08-01 16:20:56.538 [warning] ENOENT: no such file or directory, open '/workspace/project/.git/refs/remotes/origin/main'
2024-08-01 16:20:56.540 [info] > git rev-parse refs/remotes/origin/main [2ms]
2024-08-01 16:20:56.550 [info] > git status -z -uall [3ms]
2024-08-01 16:20:56.560 [info] > git for-each-ref --format=%(refname)%00%(upstream:short)%00%(objectname)%00%(upstream:track)%00%(upstream:remotename)%00%(upstream:remoteref) refs/heads/main refs/remotes/main [3ms]
2024-08-01 16:20:56.567 [info] > git config --local branch.main.vscode-merge-base [1ms]
2024-08-01 16:20:56.575 [info] > git for-each-ref --format=%(refname)%00%(upstream:short)%00%(objectname)%00%(upstream:track)%00%(upstream:remotename)%00%(upstream:remoteref) refs/heads/origin/main refs/remotes/origin/main [2ms]
2024-08-01 16:21:01.572 [info] > git config --get commit.template [7ms]
2024-08-01 16:21:01.574 [info] > git for-each-ref --format=%(refname)%00%(upstream:short)%00%(objectname)%00%(upstream:track)%00%(upstream:remotename)%00%(upstream:remoteref) refs/heads/main refs/remotes/main [3ms]
2024-08-01 16:21:01.579 [warning] ENOENT: no such file or directory, open '/workspace/project/.git/refs/remotes/origin/main'
2024-08-01 16:21:01.581 [info] > git rev-parse refs/remotes/origin/main [2ms]
2024-08-01 16:21:01.589 [info] > git status -z -uall [3ms]
2024-08-01 16:21:01.598 [info] > git for-each-ref --format=%(refname)%00%(upstream:short)%00%(objectname)%00%(upstream:track)%00%(upstream:remotename)%00%(upstream:remoteref) refs/heads/main refs/remotes/main [2ms]
2024-08-01 16:21:01.606 [info] > git config --local branch.main.vscode-merge-base [2ms]
2024-08-01 16:21:01.614 [info] > git for-each-ref --format=%(refname)%00%(upstream:short)%00%(objectname)%00%(upstream:track)%00%(upstream:remotename)%00%(upstream:remoteref) refs/heads/origin/main refs/remotes/origin/main [2ms]
2024-08-01 16:21:09.967 [info] > git config --local branch.main.github-pr-owner-number [2ms]
2024-08-01 16:21:09.967 [warning] git config failed: Failed to execute git
2024-08-01 16:23:01.845 [info] > git config --get commit.template [6ms]
2024-08-01 16:23:01.847 [info] > git for-each-ref --format=%(refname)%00%(upstream:short)%00%(objectname)%00%(upstream:track)%00%(upstream:remotename)%00%(upstream:remoteref) refs/heads/main refs/remotes/main [2ms]
2024-08-01 16:23:01.852 [warning] ENOENT: no such file or directory, open '/workspace/project/.git/refs/remotes/origin/main'
2024-08-01 16:23:01.854 [info] > git rev-parse refs/remotes/origin/main [1ms]
2024-08-01 16:23:01.861 [info] > git status -z -uall [3ms]
2024-08-01 16:23:01.869 [info] > git for-each-ref --format=%(refname)%00%(upstream:short)%00%(objectname)%00%(upstream:track)%00%(upstream:remotename)%00%(upstream:remoteref) refs/heads/main refs/remotes/main [2ms]
2024-08-01 16:23:01.875 [info] > git config --local branch.main.vscode-merge-base [1ms]
2024-08-01 16:23:01.882 [info] > git for-each-ref --format=%(refname)%00%(upstream:short)%00%(objectname)%00%(upstream:track)%00%(upstream:remotename)%00%(upstream:remoteref) refs/heads/origin/main refs/remotes/origin/main [2ms]
2024-08-01 16:24:11.712 [info] > git config --get commit.template [8ms]
2024-08-01 16:24:11.714 [info] > git for-each-ref --format=%(refname)%00%(upstream:short)%00%(objectname)%00%(upstream:track)%00%(upstream:remotename)%00%(upstream:remoteref) refs/heads/main refs/remotes/main [3ms]
2024-08-01 16:24:11.720 [warning] ENOENT: no such file or directory, open '/workspace/project/.git/refs/remotes/origin/main'
2024-08-01 16:24:11.721 [info] > git rev-parse refs/remotes/origin/main [2ms]
2024-08-01 16:24:11.729 [info] > git status -z -uall [2ms]
2024-08-01 16:24:11.739 [info] > git for-each-ref --format=%(refname)%00%(upstream:short)%00%(objectname)%00%(upstream:track)%00%(upstream:remotename)%00%(upstream:remoteref) refs/heads/main refs/remotes/main [3ms]
2024-08-01 16:24:11.746 [info] > git config --local branch.main.vscode-merge-base [2ms]
2024-08-01 16:24:11.753 [info] > git for-each-ref --format=%(refname)%00%(upstream:short)%00%(objectname)%00%(upstream:track)%00%(upstream:remotename)%00%(upstream:remoteref) refs/heads/origin/main refs/remotes/origin/main [2ms]
2024-08-01 16:24:20.164 [info] > git config --get commit.template [5ms]
2024-08-01 16:24:20.166 [info] > git for-each-ref --format=%(refname)%00%(upstream:short)%00%(objectname)%00%(upstream:track)%00%(upstream:remotename)%00%(upstream:remoteref) refs/heads/main refs/remotes/main [3ms]
2024-08-01 16:24:20.170 [warning] ENOENT: no such file or directory, open '/workspace/project/.git/refs/remotes/origin/main'
2024-08-01 16:24:20.172 [info] > git rev-parse refs/remotes/origin/main [2ms]
2024-08-01 16:24:20.179 [info] > git status -z -uall [3ms]
2024-08-01 16:24:20.186 [info] > git for-each-ref --format=%(refname)%00%(upstream:short)%00%(objectname)%00%(upstream:track)%00%(upstream:remotename)%00%(upstream:remoteref) refs/heads/main refs/remotes/main [2ms]
2024-08-01 16:24:20.192 [info] > git config --local branch.main.vscode-merge-base [1ms]
2024-08-01 16:24:20.199 [info] > git for-each-ref --format=%(refname)%00%(upstream:short)%00%(objectname)%00%(upstream:track)%00%(upstream:remotename)%00%(upstream:remoteref) refs/heads/origin/main refs/remotes/origin/main [2ms]
2024-08-01 16:25:07.161 [info] > git show --textconv :expected_output.txt [7ms]
2024-08-01 16:25:07.161 [info] > git ls-files --stage -- /workspace/project/expected_output.txt [2ms]
2024-08-01 16:25:07.168 [info] > git cat-file -s 526632f98494b9662b3692d59c689fb3402cd2c1 [2ms]
2024-08-01 16:25:07.724 [info] > git show --textconv :expected_output.txt [5ms]
2024-08-01 16:25:07.726 [info] > git ls-files --stage -- /workspace/project/expected_output.txt [2ms]
2024-08-01 16:25:07.732 [info] > git cat-file -s 526632f98494b9662b3692d59c689fb3402cd2c1 [2ms]
2024-08-01 16:25:07.988 [info] > git show --textconv :games.csv [5ms]
2024-08-01 16:25:07.990 [info] > git ls-files --stage -- /workspace/project/games.csv [2ms]
2024-08-01 16:25:07.996 [info] > git cat-file -s 40a829cf638bf96aee92778f327f925d9003a04e [2ms]
2024-08-01 16:25:14.439 [info] > git show --textconv :insert_data.sh [6ms]
2024-08-01 16:25:14.440 [info] > git ls-files --stage -- /workspace/project/insert_data.sh [2ms]
2024-08-01 16:25:14.447 [info] > git cat-file -s c5ae640c15fdc710bb157f2bae6854a3a8f95f6c [2ms]
2024-08-01 16:25:51.395 [info] > git config --get commit.template [6ms]
2024-08-01 16:25:51.397 [info] > git for-each-ref --format=%(refname)%00%(upstream:short)%00%(objectname)%00%(upstream:track)%00%(upstream:remotename)%00%(upstream:remoteref) refs/heads/main refs/remotes/main [2ms]
2024-08-01 16:25:51.403 [warning] ENOENT: no such file or directory, open '/workspace/project/.git/refs/remotes/origin/main'
2024-08-01 16:25:51.405 [info] > git rev-parse refs/remotes/origin/main [2ms]
2024-08-01 16:25:51.412 [info] > git status -z -uall [2ms]
2024-08-01 16:25:51.421 [info] > git for-each-ref --format=%(refname)%00%(upstream:short)%00%(objectname)%00%(upstream:track)%00%(upstream:remotename)%00%(upstream:remoteref) refs/heads/main refs/remotes/main [3ms]
2024-08-01 16:25:51.428 [info] > git config --local branch.main.vscode-merge-base [2ms]
2024-08-01 16:25:51.435 [info] > git for-each-ref --format=%(refname)%00%(upstream:short)%00%(objectname)%00%(upstream:track)%00%(upstream:remotename)%00%(upstream:remoteref) refs/heads/origin/main refs/remotes/origin/main [1ms]
2024-08-01 16:26:09.593 [info] > git config --get commit.template [5ms]
2024-08-01 16:26:09.594 [info] > git for-each-ref --format=%(refname)%00%(upstream:short)%00%(objectname)%00%(upstream:track)%00%(upstream:remotename)%00%(upstream:remoteref) refs/heads/main refs/remotes/main [2ms]
2024-08-01 16:26:09.599 [warning] ENOENT: no such file or directory, open '/workspace/project/.git/refs/remotes/origin/main'
2024-08-01 16:26:09.601 [info] > git rev-parse refs/remotes/origin/main [2ms]
2024-08-01 16:26:09.609 [info] > git status -z -uall [3ms]
2024-08-01 16:26:09.617 [info] > git for-each-ref --format=%(refname)%00%(upstream:short)%00%(objectname)%00%(upstream:track)%00%(upstream:remotename)%00%(upstream:remoteref) refs/heads/main refs/remotes/main [3ms]
2024-08-01 16:26:09.624 [info] > git config --local branch.main.vscode-merge-base [2ms]
2024-08-01 16:26:09.631 [info] > git for-each-ref --format=%(refname)%00%(upstream:short)%00%(objectname)%00%(upstream:track)%00%(upstream:remotename)%00%(upstream:remoteref) refs/heads/origin/main refs/remotes/origin/main [2ms]
2024-08-01 16:26:09.976 [info] > git config --local branch.main.github-pr-owner-number [2ms]
2024-08-01 16:26:09.976 [warning] git config failed: Failed to execute git
2024-08-01 16:26:26.161 [info] > git config --get commit.template [7ms]
2024-08-01 16:26:26.164 [info] > git for-each-ref --format=%(refname)%00%(upstream:short)%00%(objectname)%00%(upstream:track)%00%(upstream:remotename)%00%(upstream:remoteref) refs/heads/main refs/remotes/main [3ms]
2024-08-01 16:26:26.169 [warning] ENOENT: no such file or directory, open '/workspace/project/.git/refs/remotes/origin/main'
2024-08-01 16:26:26.171 [info] > git rev-parse refs/remotes/origin/main [2ms]
2024-08-01 16:26:26.178 [info] > git status -z -uall [2ms]
2024-08-01 16:26:26.186 [info] > git for-each-ref --format=%(refname)%00%(upstream:short)%00%(objectname)%00%(upstream:track)%00%(upstream:remotename)%00%(upstream:remoteref) refs/heads/main refs/remotes/main [3ms]
2024-08-01 16:26:26.193 [info] > git config --local branch.main.vscode-merge-base [1ms]
2024-08-01 16:26:26.199 [info] > git for-each-ref --format=%(refname)%00%(upstream:short)%00%(objectname)%00%(upstream:track)%00%(upstream:remotename)%00%(upstream:remoteref) refs/heads/origin/main refs/remotes/origin/main [2ms]
2024-08-01 16:26:39.552 [info] > git config --get commit.template [5ms]
2024-08-01 16:26:39.554 [info] > git for-each-ref --format=%(refname)%00%(upstream:short)%00%(objectname)%00%(upstream:track)%00%(upstream:remotename)%00%(upstream:remoteref) refs/heads/main refs/remotes/main [3ms]
2024-08-01 16:26:39.558 [warning] ENOENT: no such file or directory, open '/workspace/project/.git/refs/remotes/origin/main'
2024-08-01 16:26:39.560 [info] > git rev-parse refs/remotes/origin/main [2ms]
2024-08-01 16:26:39.567 [info] > git status -z -uall [2ms]
2024-08-01 16:26:39.575 [info] > git for-each-ref --format=%(refname)%00%(upstream:short)%00%(objectname)%00%(upstream:track)%00%(upstream:remotename)%00%(upstream:remoteref) refs/heads/main refs/remotes/main [3ms]
2024-08-01 16:26:39.581 [info] > git config --local branch.main.vscode-merge-base [2ms]
2024-08-01 16:26:39.587 [info] > git for-each-ref --format=%(refname)%00%(upstream:short)%00%(objectname)%00%(upstream:track)%00%(upstream:remotename)%00%(upstream:remoteref) refs/heads/origin/main refs/remotes/origin/main [1ms]
2024-08-01 16:26:55.673 [info] > git config --get commit.template [7ms]
2024-08-01 16:26:55.676 [info] > git for-each-ref --format=%(refname)%00%(upstream:short)%00%(objectname)%00%(upstream:track)%00%(upstream:remotename)%00%(upstream:remoteref) refs/heads/main refs/remotes/main [3ms]
2024-08-01 16:26:55.681 [warning] ENOENT: no such file or directory, open '/workspace/project/.git/refs/remotes/origin/main'
2024-08-01 16:26:55.683 [info] > git rev-parse refs/remotes/origin/main [1ms]
2024-08-01 16:26:55.690 [info] > git status -z -uall [2ms]
2024-08-01 16:26:55.699 [info] > git for-each-ref --format=%(refname)%00%(upstream:short)%00%(objectname)%00%(upstream:track)%00%(upstream:remotename)%00%(upstream:remoteref) refs/heads/main refs/remotes/main [2ms]
2024-08-01 16:26:55.707 [info] > git config --local branch.main.vscode-merge-base [2ms]
2024-08-01 16:26:55.714 [info] > git for-each-ref --format=%(refname)%00%(upstream:short)%00%(objectname)%00%(upstream:track)%00%(upstream:remotename)%00%(upstream:remoteref) refs/heads/origin/main refs/remotes/origin/main [2ms]
2024-08-01 16:27:20.420 [info] > git config --get commit.template [5ms]
2024-08-01 16:27:20.422 [info] > git for-each-ref --format=%(refname)%00%(upstream:short)%00%(objectname)%00%(upstream:track)%00%(upstream:remotename)%00%(upstream:remoteref) refs/heads/main refs/remotes/main [2ms]
2024-08-01 16:27:20.427 [warning] ENOENT: no such file or directory, open '/workspace/project/.git/refs/remotes/origin/main'
2024-08-01 16:27:20.429 [info] > git rev-parse refs/remotes/origin/main [2ms]
2024-08-01 16:27:20.435 [info] > git status -z -uall [2ms]
2024-08-01 16:27:20.443 [info] > git for-each-ref --format=%(refname)%00%(upstream:short)%00%(objectname)%00%(upstream:track)%00%(upstream:remotename)%00%(upstream:remoteref) refs/heads/main refs/remotes/main [3ms]
2024-08-01 16:27:20.450 [info] > git config --local branch.main.vscode-merge-base [2ms]
2024-08-01 16:27:20.456 [info] > git for-each-ref --format=%(refname)%00%(upstream:short)%00%(objectname)%00%(upstream:track)%00%(upstream:remotename)%00%(upstream:remoteref) refs/heads/origin/main refs/remotes/origin/main [2ms]
2024-08-01 16:27:26.881 [info] > git config --get commit.template [6ms]
2024-08-01 16:27:26.883 [info] > git for-each-ref --format=%(refname)%00%(upstream:short)%00%(objectname)%00%(upstream:track)%00%(upstream:remotename)%00%(upstream:remoteref) refs/heads/main refs/remotes/main [3ms]
2024-08-01 16:27:26.888 [warning] ENOENT: no such file or directory, open '/workspace/project/.git/refs/remotes/origin/main'
2024-08-01 16:27:26.889 [info] > git rev-parse refs/remotes/origin/main [1ms]
2024-08-01 16:27:26.897 [info] > git status -z -uall [3ms]
2024-08-01 16:27:26.905 [info] > git for-each-ref --format=%(refname)%00%(upstream:short)%00%(objectname)%00%(upstream:track)%00%(upstream:remotename)%00%(upstream:remoteref) refs/heads/main refs/remotes/main [3ms]
2024-08-01 16:27:26.911 [info] > git config --local branch.main.vscode-merge-base [2ms]
2024-08-01 16:27:26.918 [info] > git for-each-ref --format=%(refname)%00%(upstream:short)%00%(objectname)%00%(upstream:track)%00%(upstream:remotename)%00%(upstream:remoteref) refs/heads/origin/main refs/remotes/origin/main [2ms]
2024-08-01 16:27:31.918 [info] > git config --get commit.template [6ms]
2024-08-01 16:27:31.921 [info] > git for-each-ref --format=%(refname)%00%(upstream:short)%00%(objectname)%00%(upstream:track)%00%(upstream:remotename)%00%(upstream:remoteref) refs/heads/main refs/remotes/main [3ms]
2024-08-01 16:27:31.927 [warning] ENOENT: no such file or directory, open '/workspace/project/.git/refs/remotes/origin/main'
2024-08-01 16:27:31.929 [info] > git rev-parse refs/remotes/origin/main [2ms]
2024-08-01 16:27:31.937 [info] > git status -z -uall [3ms]
2024-08-01 16:27:31.945 [info] > git for-each-ref --format=%(refname)%00%(upstream:short)%00%(objectname)%00%(upstream:track)%00%(upstream:remotename)%00%(upstream:remoteref) refs/heads/main refs/remotes/main [3ms]
2024-08-01 16:27:31.953 [info] > git config --local branch.main.vscode-merge-base [2ms]
2024-08-01 16:27:31.963 [info] > git for-each-ref --format=%(refname)%00%(upstream:short)%00%(objectname)%00%(upstream:track)%00%(upstream:remotename)%00%(upstream:remoteref) refs/heads/origin/main refs/remotes/origin/main [2ms]
2024-08-01 16:27:36.958 [info] > git config --get commit.template [7ms]
2024-08-01 16:27:36.960 [info] > git for-each-ref --format=%(refname)%00%(upstream:short)%00%(objectname)%00%(upstream:track)%00%(upstream:remotename)%00%(upstream:remoteref) refs/heads/main refs/remotes/main [3ms]
2024-08-01 16:27:36.965 [warning] ENOENT: no such file or directory, open '/workspace/project/.git/refs/remotes/origin/main'
2024-08-01 16:27:36.966 [info] > git rev-parse refs/remotes/origin/main [1ms]
2024-08-01 16:27:36.973 [info] > git status -z -uall [2ms]
2024-08-01 16:27:36.981 [info] > git for-each-ref --format=%(refname)%00%(upstream:short)%00%(objectname)%00%(upstream:track)%00%(upstream:remotename)%00%(upstream:remoteref) refs/heads/main refs/remotes/main [3ms]
2024-08-01 16:27:36.988 [info] > git config --local branch.main.vscode-merge-base [2ms]
2024-08-01 16:27:36.995 [info] > git for-each-ref --format=%(refname)%00%(upstream:short)%00%(objectname)%00%(upstream:track)%00%(upstream:remotename)%00%(upstream:remoteref) refs/heads/origin/main refs/remotes/origin/main [2ms]
2024-08-01 16:27:41.992 [info] > git config --get commit.template [6ms]
2024-08-01 16:27:41.994 [info] > git for-each-ref --format=%(refname)%00%(upstream:short)%00%(objectname)%00%(upstream:track)%00%(upstream:remotename)%00%(upstream:remoteref) refs/heads/main refs/remotes/main [3ms]
2024-08-01 16:27:41.999 [warning] ENOENT: no such file or directory, open '/workspace/project/.git/refs/remotes/origin/main'
2024-08-01 16:27:42.001 [info] > git rev-parse refs/remotes/origin/main [2ms]
2024-08-01 16:27:42.008 [info] > git status -z -uall [2ms]
2024-08-01 16:27:42.017 [info] > git for-each-ref --format=%(refname)%00%(upstream:short)%00%(objectname)%00%(upstream:track)%00%(upstream:remotename)%00%(upstream:remoteref) refs/heads/main refs/remotes/main [3ms]
2024-08-01 16:27:42.023 [info] > git config --local branch.main.vscode-merge-base [2ms]
2024-08-01 16:27:42.030 [info] > git for-each-ref --format=%(refname)%00%(upstream:short)%00%(objectname)%00%(upstream:track)%00%(upstream:remotename)%00%(upstream:remoteref) refs/heads/origin/main refs/remotes/origin/main [2ms]
2024-08-01 16:28:00.565 [info] > git config --get commit.template [6ms]
2024-08-01 16:28:00.567 [info] > git for-each-ref --format=%(refname)%00%(upstream:short)%00%(objectname)%00%(upstream:track)%00%(upstream:remotename)%00%(upstream:remoteref) refs/heads/main refs/remotes/main [2ms]
2024-08-01 16:28:00.572 [warning] ENOENT: no such file or directory, open '/workspace/project/.git/refs/remotes/origin/main'
2024-08-01 16:28:00.574 [info] > git rev-parse refs/remotes/origin/main [2ms]
2024-08-01 16:28:00.581 [info] > git status -z -uall [3ms]
2024-08-01 16:28:00.589 [info] > git for-each-ref --format=%(refname)%00%(upstream:short)%00%(objectname)%00%(upstream:track)%00%(upstream:remotename)%00%(upstream:remoteref) refs/heads/main refs/remotes/main [2ms]
2024-08-01 16:28:00.596 [info] > git config --local branch.main.vscode-merge-base [1ms]
2024-08-01 16:28:00.603 [info] > git for-each-ref --format=%(refname)%00%(upstream:short)%00%(objectname)%00%(upstream:track)%00%(upstream:remotename)%00%(upstream:remoteref) refs/heads/origin/main refs/remotes/origin/main [2ms]
2024-08-01 16:28:16.135 [info] > git config --get commit.template [6ms]
2024-08-01 16:28:16.137 [info] > git for-each-ref --format=%(refname)%00%(upstream:short)%00%(objectname)%00%(upstream:track)%00%(upstream:remotename)%00%(upstream:remoteref) refs/heads/main refs/remotes/main [2ms]
2024-08-01 16:28:16.142 [warning] ENOENT: no such file or directory, open '/workspace/project/.git/refs/remotes/origin/main'
2024-08-01 16:28:16.144 [info] > git rev-parse refs/remotes/origin/main [2ms]
2024-08-01 16:28:16.151 [info] > git status -z -uall [3ms]
2024-08-01 16:28:16.158 [info] > git for-each-ref --format=%(refname)%00%(upstream:short)%00%(objectname)%00%(upstream:track)%00%(upstream:remotename)%00%(upstream:remoteref) refs/heads/main refs/remotes/main [2ms]
2024-08-01 16:28:16.164 [info] > git config --local branch.main.vscode-merge-base [1ms]
2024-08-01 16:28:16.171 [info] > git for-each-ref --format=%(refname)%00%(upstream:short)%00%(objectname)%00%(upstream:track)%00%(upstream:remotename)%00%(upstream:remoteref) refs/heads/origin/main refs/remotes/origin/main [1ms]
2024-08-01 16:29:21.826 [info] > git config --get commit.template [5ms]
2024-08-01 16:29:21.828 [info] > git for-each-ref --format=%(refname)%00%(upstream:short)%00%(objectname)%00%(upstream:track)%00%(upstream:remotename)%00%(upstream:remoteref) refs/heads/main refs/remotes/main [2ms]
2024-08-01 16:29:21.833 [warning] ENOENT: no such file or directory, open '/workspace/project/.git/refs/remotes/origin/main'
2024-08-01 16:29:21.835 [info] > git rev-parse refs/remotes/origin/main [1ms]
2024-08-01 16:29:21.842 [info] > git status -z -uall [3ms]
2024-08-01 16:29:21.850 [info] > git for-each-ref --format=%(refname)%00%(upstream:short)%00%(objectname)%00%(upstream:track)%00%(upstream:remotename)%00%(upstream:remoteref) refs/heads/main refs/remotes/main [3ms]
2024-08-01 16:29:21.856 [info] > git config --local branch.main.vscode-merge-base [2ms]
2024-08-01 16:29:21.864 [info] > git for-each-ref --format=%(refname)%00%(upstream:short)%00%(objectname)%00%(upstream:track)%00%(upstream:remotename)%00%(upstream:remoteref) refs/heads/origin/main refs/remotes/origin/main [4ms]
2024-08-01 16:29:30.987 [info] > git config --get commit.template [6ms]
2024-08-01 16:29:30.989 [info] > git for-each-ref --format=%(refname)%00%(upstream:short)%00%(objectname)%00%(upstream:track)%00%(upstream:remotename)%00%(upstream:remoteref) refs/heads/main refs/remotes/main [2ms]
2024-08-01 16:29:30.994 [warning] ENOENT: no such file or directory, open '/workspace/project/.git/refs/remotes/origin/main'
2024-08-01 16:29:30.996 [info] > git rev-parse refs/remotes/origin/main [2ms]
2024-08-01 16:29:31.004 [info] > git status -z -uall [3ms]
2024-08-01 16:29:31.012 [info] > git for-each-ref --format=%(refname)%00%(upstream:short)%00%(objectname)%00%(upstream:track)%00%(upstream:remotename)%00%(upstream:remoteref) refs/heads/main refs/remotes/main [3ms]
2024-08-01 16:29:31.019 [info] > git config --local branch.main.vscode-merge-base [2ms]
2024-08-01 16:29:31.026 [info] > git for-each-ref --format=%(refname)%00%(upstream:short)%00%(objectname)%00%(upstream:track)%00%(upstream:remotename)%00%(upstream:remoteref) refs/heads/origin/main refs/remotes/origin/main [2ms]
2024-08-01 16:29:36.023 [info] > git config --get commit.template [6ms]
2024-08-01 16:29:36.026 [info] > git for-each-ref --format=%(refname)%00%(upstream:short)%00%(objectname)%00%(upstream:track)%00%(upstream:remotename)%00%(upstream:remoteref) refs/heads/main refs/remotes/main [3ms]
2024-08-01 16:29:36.033 [warning] ENOENT: no such file or directory, open '/workspace/project/.git/refs/remotes/origin/main'
2024-08-01 16:29:36.034 [info] > git rev-parse refs/remotes/origin/main [2ms]
2024-08-01 16:29:36.042 [info] > git status -z -uall [2ms]
2024-08-01 16:29:36.051 [info] > git for-each-ref --format=%(refname)%00%(upstream:short)%00%(objectname)%00%(upstream:track)%00%(upstream:remotename)%00%(upstream:remoteref) refs/heads/main refs/remotes/main [3ms]
2024-08-01 16:29:36.058 [info] > git config --local branch.main.vscode-merge-base [1ms]
2024-08-01 16:29:36.065 [info] > git for-each-ref --format=%(refname)%00%(upstream:short)%00%(objectname)%00%(upstream:track)%00%(upstream:remotename)%00%(upstream:remoteref) refs/heads/origin/main refs/remotes/origin/main [2ms]
2024-08-01 16:29:59.915 [info] > git show --textconv :insert_data.sh [6ms]
2024-08-01 16:29:59.916 [info] > git ls-files --stage -- /workspace/project/insert_data.sh [2ms]
2024-08-01 16:29:59.923 [info] > git cat-file -s c5ae640c15fdc710bb157f2bae6854a3a8f95f6c [2ms]
2024-08-01 16:30:20.227 [info] > git show --textconv :queries.sh [6ms]
2024-08-01 16:30:20.229 [info] > git ls-files --stage -- /workspace/project/queries.sh [2ms]
2024-08-01 16:30:20.237 [info] > git cat-file -s e5a5dad9fafd7fe928511d82397176d8ac27e9cb [2ms]
2024-08-01 16:30:35.448 [info] > git config --get commit.template [5ms]
2024-08-01 16:30:35.449 [info] > git for-each-ref --format=%(refname)%00%(upstream:short)%00%(objectname)%00%(upstream:track)%00%(upstream:remotename)%00%(upstream:remoteref) refs/heads/main refs/remotes/main [2ms]
2024-08-01 16:30:35.454 [warning] ENOENT: no such file or directory, open '/workspace/project/.git/refs/remotes/origin/main'
2024-08-01 16:30:35.456 [info] > git rev-parse refs/remotes/origin/main [2ms]
2024-08-01 16:30:35.463 [info] > git status -z -uall [2ms]
2024-08-01 16:30:35.471 [info] > git for-each-ref --format=%(refname)%00%(upstream:short)%00%(objectname)%00%(upstream:track)%00%(upstream:remotename)%00%(upstream:remoteref) refs/heads/main refs/remotes/main [2ms]
2024-08-01 16:30:35.478 [info] > git config --local branch.main.vscode-merge-base [2ms]
2024-08-01 16:30:35.485 [info] > git for-each-ref --format=%(refname)%00%(upstream:short)%00%(objectname)%00%(upstream:track)%00%(upstream:remotename)%00%(upstream:remoteref) refs/heads/origin/main refs/remotes/origin/main [1ms]
2024-08-01 16:31:09.375 [info] > git config --get commit.template [7ms]
2024-08-01 16:31:09.376 [info] > git for-each-ref --format=%(refname)%00%(upstream:short)%00%(objectname)%00%(upstream:track)%00%(upstream:remotename)%00%(upstream:remoteref) refs/heads/main refs/remotes/main [2ms]
2024-08-01 16:31:09.382 [warning] ENOENT: no such file or directory, open '/workspace/project/.git/refs/remotes/origin/main'
2024-08-01 16:31:09.384 [info] > git rev-parse refs/remotes/origin/main [2ms]
2024-08-01 16:31:09.392 [info] > git status -z -uall [3ms]
2024-08-01 16:31:09.400 [info] > git for-each-ref --format=%(refname)%00%(upstream:short)%00%(objectname)%00%(upstream:track)%00%(upstream:remotename)%00%(upstream:remoteref) refs/heads/main refs/remotes/main [2ms]
2024-08-01 16:31:09.407 [info] > git config --local branch.main.vscode-merge-base [1ms]
2024-08-01 16:31:09.414 [info] > git for-each-ref --format=%(refname)%00%(upstream:short)%00%(objectname)%00%(upstream:track)%00%(upstream:remotename)%00%(upstream:remoteref) refs/heads/origin/main refs/remotes/origin/main [1ms]
2024-08-01 16:31:09.984 [info] > git config --local branch.main.github-pr-owner-number [2ms]
2024-08-01 16:31:09.984 [warning] git config failed: Failed to execute git
2024-08-01 16:31:14.567 [info] > git config --get commit.template [6ms]
2024-08-01 16:31:14.569 [info] > git for-each-ref --format=%(refname)%00%(upstream:short)%00%(objectname)%00%(upstream:track)%00%(upstream:remotename)%00%(upstream:remoteref) refs/heads/main refs/remotes/main [3ms]
2024-08-01 16:31:14.575 [warning] ENOENT: no such file or directory, open '/workspace/project/.git/refs/remotes/origin/main'
2024-08-01 16:31:14.576 [info] > git rev-parse refs/remotes/origin/main [1ms]
2024-08-01 16:31:14.586 [info] > git status -z -uall [3ms]
2024-08-01 16:31:14.596 [info] > git for-each-ref --format=%(refname)%00%(upstream:short)%00%(objectname)%00%(upstream:track)%00%(upstream:remotename)%00%(upstream:remoteref) refs/heads/main refs/remotes/main [3ms]
2024-08-01 16:31:14.603 [info] > git config --local branch.main.vscode-merge-base [2ms]
2024-08-01 16:31:14.610 [info] > git for-each-ref --format=%(refname)%00%(upstream:short)%00%(objectname)%00%(upstream:track)%00%(upstream:remotename)%00%(upstream:remoteref) refs/heads/origin/main refs/remotes/origin/main [2ms]
2024-08-01 16:31:24.181 [info] > git config --get commit.template [5ms]
2024-08-01 16:31:24.183 [info] > git for-each-ref --format=%(refname)%00%(upstream:short)%00%(objectname)%00%(upstream:track)%00%(upstream:remotename)%00%(upstream:remoteref) refs/heads/main refs/remotes/main [3ms]
2024-08-01 16:31:24.187 [warning] ENOENT: no such file or directory, open '/workspace/project/.git/refs/remotes/origin/main'
2024-08-01 16:31:24.189 [info] > git rev-parse refs/remotes/origin/main [2ms]
2024-08-01 16:31:24.196 [info] > git status -z -uall [2ms]
2024-08-01 16:31:24.204 [info] > git for-each-ref --format=%(refname)%00%(upstream:short)%00%(objectname)%00%(upstream:track)%00%(upstream:remotename)%00%(upstream:remoteref) refs/heads/main refs/remotes/main [2ms]
2024-08-01 16:31:24.211 [info] > git config --local branch.main.vscode-merge-base [1ms]
2024-08-01 16:31:24.219 [info] > git for-each-ref --format=%(refname)%00%(upstream:short)%00%(objectname)%00%(upstream:track)%00%(upstream:remotename)%00%(upstream:remoteref) refs/heads/origin/main refs/remotes/origin/main [2ms]
2024-08-01 16:32:45.992 [info] > git config --get commit.template [6ms]
2024-08-01 16:32:45.994 [info] > git for-each-ref --format=%(refname)%00%(upstream:short)%00%(objectname)%00%(upstream:track)%00%(upstream:remotename)%00%(upstream:remoteref) refs/heads/main refs/remotes/main [3ms]
2024-08-01 16:32:45.999 [warning] ENOENT: no such file or directory, open '/workspace/project/.git/refs/remotes/origin/main'
2024-08-01 16:32:46.000 [info] > git rev-parse refs/remotes/origin/main [2ms]
2024-08-01 16:32:46.007 [info] > git status -z -uall [2ms]
2024-08-01 16:32:46.015 [info] > git for-each-ref --format=%(refname)%00%(upstream:short)%00%(objectname)%00%(upstream:track)%00%(upstream:remotename)%00%(upstream:remoteref) refs/heads/main refs/remotes/main [2ms]
2024-08-01 16:32:46.022 [info] > git config --local branch.main.vscode-merge-base [2ms]
2024-08-01 16:32:46.031 [info] > git for-each-ref --format=%(refname)%00%(upstream:short)%00%(objectname)%00%(upstream:track)%00%(upstream:remotename)%00%(upstream:remoteref) refs/heads/origin/main refs/remotes/origin/main [2ms]
2024-08-01 16:32:58.913 [info] > git config --get commit.template [8ms]
2024-08-01 16:32:58.915 [info] > git for-each-ref --format=%(refname)%00%(upstream:short)%00%(objectname)%00%(upstream:track)%00%(upstream:remotename)%00%(upstream:remoteref) refs/heads/main refs/remotes/main [3ms]
2024-08-01 16:32:58.920 [warning] ENOENT: no such file or directory, open '/workspace/project/.git/refs/remotes/origin/main'
2024-08-01 16:32:58.921 [info] > git rev-parse refs/remotes/origin/main [1ms]
2024-08-01 16:32:58.929 [info] > git status -z -uall [2ms]
2024-08-01 16:32:58.939 [info] > git for-each-ref --format=%(refname)%00%(upstream:short)%00%(objectname)%00%(upstream:track)%00%(upstream:remotename)%00%(upstream:remoteref) refs/heads/main refs/remotes/main [3ms]
2024-08-01 16:32:58.946 [info] > git config --local branch.main.vscode-merge-base [2ms]
2024-08-01 16:32:58.954 [info] > git for-each-ref --format=%(refname)%00%(upstream:short)%00%(objectname)%00%(upstream:track)%00%(upstream:remotename)%00%(upstream:remoteref) refs/heads/origin/main refs/remotes/origin/main [3ms]
2024-08-01 16:33:03.951 [info] > git config --get commit.template [6ms]
2024-08-01 16:33:03.953 [info] > git for-each-ref --format=%(refname)%00%(upstream:short)%00%(objectname)%00%(upstream:track)%00%(upstream:remotename)%00%(upstream:remoteref) refs/heads/main refs/remotes/main [3ms]
2024-08-01 16:33:03.958 [warning] ENOENT: no such file or directory, open '/workspace/project/.git/refs/remotes/origin/main'
2024-08-01 16:33:03.960 [info] > git rev-parse refs/remotes/origin/main [2ms]
2024-08-01 16:33:03.968 [info] > git status -z -uall [3ms]
2024-08-01 16:33:03.978 [info] > git for-each-ref --format=%(refname)%00%(upstream:short)%00%(objectname)%00%(upstream:track)%00%(upstream:remotename)%00%(upstream:remoteref) refs/heads/main refs/remotes/main [3ms]
2024-08-01 16:33:03.985 [info] > git config --local branch.main.vscode-merge-base [1ms]
2024-08-01 16:33:03.994 [info] > git for-each-ref --format=%(refname)%00%(upstream:short)%00%(objectname)%00%(upstream:track)%00%(upstream:remotename)%00%(upstream:remoteref) refs/heads/origin/main refs/remotes/origin/main [2ms]
2024-08-01 16:33:22.042 [info] > git config --get commit.template [6ms]
2024-08-01 16:33:22.044 [info] > git for-each-ref --format=%(refname)%00%(upstream:short)%00%(objectname)%00%(upstream:track)%00%(upstream:remotename)%00%(upstream:remoteref) refs/heads/main refs/remotes/main [3ms]
2024-08-01 16:33:22.049 [warning] ENOENT: no such file or directory, open '/workspace/project/.git/refs/remotes/origin/main'
2024-08-01 16:33:22.051 [info] > git rev-parse refs/remotes/origin/main [2ms]
2024-08-01 16:33:22.059 [info] > git status -z -uall [2ms]
2024-08-01 16:33:22.067 [info] > git for-each-ref --format=%(refname)%00%(upstream:short)%00%(objectname)%00%(upstream:track)%00%(upstream:remotename)%00%(upstream:remoteref) refs/heads/main refs/remotes/main [2ms]
2024-08-01 16:33:22.073 [info] > git config --local branch.main.vscode-merge-base [1ms]
2024-08-01 16:33:22.080 [info] > git for-each-ref --format=%(refname)%00%(upstream:short)%00%(objectname)%00%(upstream:track)%00%(upstream:remotename)%00%(upstream:remoteref) refs/heads/origin/main refs/remotes/origin/main [2ms]
2024-08-01 16:33:27.081 [info] > git config --get commit.template [6ms]
2024-08-01 16:33:27.083 [info] > git for-each-ref --format=%(refname)%00%(upstream:short)%00%(objectname)%00%(upstream:track)%00%(upstream:remotename)%00%(upstream:remoteref) refs/heads/main refs/remotes/main [3ms]
2024-08-01 16:33:27.088 [warning] ENOENT: no such file or directory, open '/workspace/project/.git/refs/remotes/origin/main'
2024-08-01 16:33:27.090 [info] > git rev-parse refs/remotes/origin/main [2ms]
2024-08-01 16:33:27.097 [info] > git status -z -uall [2ms]
2024-08-01 16:33:27.106 [info] > git for-each-ref --format=%(refname)%00%(upstream:short)%00%(objectname)%00%(upstream:track)%00%(upstream:remotename)%00%(upstream:remoteref) refs/heads/main refs/remotes/main [3ms]
2024-08-01 16:33:27.112 [info] > git config --local branch.main.vscode-merge-base [1ms]
2024-08-01 16:33:27.121 [info] > git for-each-ref --format=%(refname)%00%(upstream:short)%00%(objectname)%00%(upstream:track)%00%(upstream:remotename)%00%(upstream:remoteref) refs/heads/origin/main refs/remotes/origin/main [2ms]
2024-08-01 16:33:37.172 [info] > git config --get commit.template [6ms]
2024-08-01 16:33:37.174 [info] > git for-each-ref --format=%(refname)%00%(upstream:short)%00%(objectname)%00%(upstream:track)%00%(upstream:remotename)%00%(upstream:remoteref) refs/heads/main refs/remotes/main [3ms]
2024-08-01 16:33:37.178 [warning] ENOENT: no such file or directory, open '/workspace/project/.git/refs/remotes/origin/main'
2024-08-01 16:33:37.180 [info] > git rev-parse refs/remotes/origin/main [2ms]
2024-08-01 16:33:37.189 [info] > git status -z -uall [4ms]
2024-08-01 16:33:37.199 [info] > git for-each-ref --format=%(refname)%00%(upstream:short)%00%(objectname)%00%(upstream:track)%00%(upstream:remotename)%00%(upstream:remoteref) refs/heads/main refs/remotes/main [4ms]
2024-08-01 16:33:37.207 [info] > git config --local branch.main.vscode-merge-base [2ms]
2024-08-01 16:33:37.216 [info] > git for-each-ref --format=%(refname)%00%(upstream:short)%00%(objectname)%00%(upstream:track)%00%(upstream:remotename)%00%(upstream:remoteref) refs/heads/origin/main refs/remotes/origin/main [2ms]
2024-08-01 16:33:47.261 [info] > git show --textconv :expected_output.txt [7ms]
2024-08-01 16:33:47.263 [info] > git ls-files --stage -- /workspace/project/expected_output.txt [2ms]
2024-08-01 16:33:47.271 [info] > git cat-file -s 526632f98494b9662b3692d59c689fb3402cd2c1 [2ms]
2024-08-01 16:35:17.149 [info] > git show --textconv :queries.sh [6ms]
2024-08-01 16:35:17.150 [info] > git ls-files --stage -- /workspace/project/queries.sh [2ms]
2024-08-01 16:35:17.156 [info] > git cat-file -s e5a5dad9fafd7fe928511d82397176d8ac27e9cb [1ms]
2024-08-01 16:36:09.993 [info] > git config --local branch.main.github-pr-owner-number [2ms]
2024-08-01 16:36:09.993 [warning] git config failed: Failed to execute git
2024-08-01 16:40:38.872 [info] > git config --get commit.template [5ms]
2024-08-01 16:40:38.874 [info] > git for-each-ref --format=%(refname)%00%(upstream:short)%00%(objectname)%00%(upstream:track)%00%(upstream:remotename)%00%(upstream:remoteref) refs/heads/main refs/remotes/main [3ms]
2024-08-01 16:40:38.878 [warning] ENOENT: no such file or directory, open '/workspace/project/.git/refs/remotes/origin/main'
2024-08-01 16:40:38.880 [info] > git rev-parse refs/remotes/origin/main [2ms]
2024-08-01 16:40:38.886 [info] > git status -z -uall [2ms]
2024-08-01 16:40:38.894 [info] > git for-each-ref --format=%(refname)%00%(upstream:short)%00%(objectname)%00%(upstream:track)%00%(upstream:remotename)%00%(upstream:remoteref) refs/heads/main refs/remotes/main [3ms]
2024-08-01 16:40:38.900 [info] > git config --local branch.main.vscode-merge-base [2ms]
2024-08-01 16:40:38.906 [info] > git for-each-ref --format=%(refname)%00%(upstream:short)%00%(objectname)%00%(upstream:track)%00%(upstream:remotename)%00%(upstream:remoteref) refs/heads/origin/main refs/remotes/origin/main [2ms]
2024-08-01 16:41:10.004 [info] > git config --local branch.main.github-pr-owner-number [3ms]
2024-08-01 16:41:10.004 [warning] git config failed: Failed to execute git
2024-08-01 16:42:34.936 [info] > git show --textconv :games.csv [8ms]
2024-08-01 16:42:34.938 [info] > git ls-files --stage -- /workspace/project/games.csv [3ms]
2024-08-01 16:42:34.949 [info] > git cat-file -s 40a829cf638bf96aee92778f327f925d9003a04e [3ms]
2024-08-01 16:42:35.574 [info] > git show --textconv :games.csv [7ms]
2024-08-01 16:42:35.577 [info] > git ls-files --stage -- /workspace/project/games.csv [4ms]
2024-08-01 16:42:35.589 [info] > git cat-file -s 40a829cf638bf96aee92778f327f925d9003a04e [3ms]
2024-08-01 16:42:35.604 [info] > git show --textconv :insert_data.sh [8ms]
2024-08-01 16:42:35.605 [info] > git ls-files --stage -- /workspace/project/insert_data.sh [3ms]
2024-08-01 16:42:35.614 [info] > git cat-file -s c5ae640c15fdc710bb157f2bae6854a3a8f95f6c [3ms]
2024-08-01 16:43:31.661 [info] > git config --get commit.template [8ms]
2024-08-01 16:43:31.665 [info] > git for-each-ref --format=%(refname)%00%(upstream:short)%00%(objectname)%00%(upstream:track)%00%(upstream:remotename)%00%(upstream:remoteref) refs/heads/main refs/remotes/main [4ms]
2024-08-01 16:43:31.674 [warning] ENOENT: no such file or directory, open '/workspace/project/.git/refs/remotes/origin/main'
2024-08-01 16:43:31.677 [info] > git rev-parse refs/remotes/origin/main [2ms]
2024-08-01 16:43:31.687 [info] > git status -z -uall [3ms]
2024-08-01 16:43:31.700 [info] > git for-each-ref --format=%(refname)%00%(upstream:short)%00%(objectname)%00%(upstream:track)%00%(upstream:remotename)%00%(upstream:remoteref) refs/heads/main refs/remotes/main [4ms]
2024-08-01 16:43:31.711 [info] > git config --local branch.main.vscode-merge-base [4ms]
2024-08-01 16:43:31.720 [info] > git for-each-ref --format=%(refname)%00%(upstream:short)%00%(objectname)%00%(upstream:track)%00%(upstream:remotename)%00%(upstream:remoteref) refs/heads/origin/main refs/remotes/origin/main [2ms]
2024-08-01 16:44:18.617 [info] > git config --get commit.template [6ms]
2024-08-01 16:44:18.620 [info] > git for-each-ref --format=%(refname)%00%(upstream:short)%00%(objectname)%00%(upstream:track)%00%(upstream:remotename)%00%(upstream:remoteref) refs/heads/main refs/remotes/main [3ms]
2024-08-01 16:44:18.625 [warning] ENOENT: no such file or directory, open '/workspace/project/.git/refs/remotes/origin/main'
2024-08-01 16:44:18.626 [info] > git rev-parse refs/remotes/origin/main [1ms]
2024-08-01 16:44:18.635 [info] > git status -z -uall [3ms]
2024-08-01 16:44:18.644 [info] > git for-each-ref --format=%(refname)%00%(upstream:short)%00%(objectname)%00%(upstream:track)%00%(upstream:remotename)%00%(upstream:remoteref) refs/heads/main refs/remotes/main [3ms]
2024-08-01 16:44:18.651 [info] > git config --local branch.main.vscode-merge-base [2ms]
2024-08-01 16:44:18.659 [info] > git for-each-ref --format=%(refname)%00%(upstream:short)%00%(objectname)%00%(upstream:track)%00%(upstream:remotename)%00%(upstream:remoteref) refs/heads/origin/main refs/remotes/origin/main [2ms]
2024-08-01 16:44:21.122 [info] > git show --textconv :queries.sh [7ms]
2024-08-01 16:44:21.123 [info] > git ls-files --stage -- /workspace/project/queries.sh [2ms]
2024-08-01 16:44:21.130 [info] > git cat-file -s e5a5dad9fafd7fe928511d82397176d8ac27e9cb [2ms]
2024-08-01 16:44:31.613 [info] > git config --get commit.template [6ms]
2024-08-01 16:44:31.615 [info] > git for-each-ref --format=%(refname)%00%(upstream:short)%00%(objectname)%00%(upstream:track)%00%(upstream:remotename)%00%(upstream:remoteref) refs/heads/main refs/remotes/main [3ms]
2024-08-01 16:44:31.620 [warning] ENOENT: no such file or directory, open '/workspace/project/.git/refs/remotes/origin/main'
2024-08-01 16:44:31.622 [info] > git rev-parse refs/remotes/origin/main [2ms]
2024-08-01 16:44:31.629 [info] > git status -z -uall [2ms]
2024-08-01 16:44:31.637 [info] > git for-each-ref --format=%(refname)%00%(upstream:short)%00%(objectname)%00%(upstream:track)%00%(upstream:remotename)%00%(upstream:remoteref) refs/heads/main refs/remotes/main [3ms]
2024-08-01 16:44:31.644 [info] > git config --local branch.main.vscode-merge-base [2ms]
2024-08-01 16:44:31.650 [info] > git for-each-ref --format=%(refname)%00%(upstream:short)%00%(objectname)%00%(upstream:track)%00%(upstream:remotename)%00%(upstream:remoteref) refs/heads/origin/main refs/remotes/origin/main [2ms]
2024-08-01 16:44:44.921 [info] > git config --get commit.template [6ms]
2024-08-01 16:44:44.923 [info] > git for-each-ref --format=%(refname)%00%(upstream:short)%00%(objectname)%00%(upstream:track)%00%(upstream:remotename)%00%(upstream:remoteref) refs/heads/main refs/remotes/main [2ms]
2024-08-01 16:44:44.929 [warning] ENOENT: no such file or directory, open '/workspace/project/.git/refs/remotes/origin/main'
2024-08-01 16:44:44.930 [info] > git rev-parse refs/remotes/origin/main [1ms]
2024-08-01 16:44:44.938 [info] > git status -z -uall [2ms]
2024-08-01 16:44:44.946 [info] > git for-each-ref --format=%(refname)%00%(upstream:short)%00%(objectname)%00%(upstream:track)%00%(upstream:remotename)%00%(upstream:remoteref) refs/heads/main refs/remotes/main [2ms]
2024-08-01 16:44:44.953 [info] > git config --local branch.main.vscode-merge-base [1ms]
2024-08-01 16:44:44.961 [info] > git for-each-ref --format=%(refname)%00%(upstream:short)%00%(objectname)%00%(upstream:track)%00%(upstream:remotename)%00%(upstream:remoteref) refs/heads/origin/main refs/remotes/origin/main [2ms]
2024-08-01 16:44:49.958 [info] > git config --get commit.template [6ms]
2024-08-01 16:44:49.959 [info] > git for-each-ref --format=%(refname)%00%(upstream:short)%00%(objectname)%00%(upstream:track)%00%(upstream:remotename)%00%(upstream:remoteref) refs/heads/main refs/remotes/main [2ms]
2024-08-01 16:44:49.964 [warning] ENOENT: no such file or directory, open '/workspace/project/.git/refs/remotes/origin/main'
2024-08-01 16:44:49.965 [info] > git rev-parse refs/remotes/origin/main [1ms]
2024-08-01 16:44:49.973 [info] > git status -z -uall [3ms]
2024-08-01 16:44:49.981 [info] > git for-each-ref --format=%(refname)%00%(upstream:short)%00%(objectname)%00%(upstream:track)%00%(upstream:remotename)%00%(upstream:remoteref) refs/heads/main refs/remotes/main [2ms]
2024-08-01 16:44:49.987 [info] > git config --local branch.main.vscode-merge-base [2ms]
2024-08-01 16:44:49.993 [info] > git for-each-ref --format=%(refname)%00%(upstream:short)%00%(objectname)%00%(upstream:track)%00%(upstream:remotename)%00%(upstream:remoteref) refs/heads/origin/main refs/remotes/origin/main [2ms]
2024-08-01 16:45:19.363 [info] > git config --get commit.template [6ms]
2024-08-01 16:45:19.364 [info] > git for-each-ref --format=%(refname)%00%(upstream:short)%00%(objectname)%00%(upstream:track)%00%(upstream:remotename)%00%(upstream:remoteref) refs/heads/main refs/remotes/main [3ms]
2024-08-01 16:45:19.369 [warning] ENOENT: no such file or directory, open '/workspace/project/.git/refs/remotes/origin/main'
2024-08-01 16:45:19.370 [info] > git rev-parse refs/remotes/origin/main [1ms]
2024-08-01 16:45:19.378 [info] > git status -z -uall [3ms]
2024-08-01 16:45:19.387 [info] > git for-each-ref --format=%(refname)%00%(upstream:short)%00%(objectname)%00%(upstream:track)%00%(upstream:remotename)%00%(upstream:remoteref) refs/heads/main refs/remotes/main [2ms]
2024-08-01 16:45:19.394 [info] > git config --local branch.main.vscode-merge-base [2ms]
2024-08-01 16:45:19.401 [info] > git for-each-ref --format=%(refname)%00%(upstream:short)%00%(objectname)%00%(upstream:track)%00%(upstream:remotename)%00%(upstream:remoteref) refs/heads/origin/main refs/remotes/origin/main [2ms]
2024-08-01 16:45:29.091 [info] > git config --get commit.template [7ms]
2024-08-01 16:45:29.093 [info] > git for-each-ref --format=%(refname)%00%(upstream:short)%00%(objectname)%00%(upstream:track)%00%(upstream:remotename)%00%(upstream:remoteref) refs/heads/main refs/remotes/main [3ms]
2024-08-01 16:45:29.098 [warning] ENOENT: no such file or directory, open '/workspace/project/.git/refs/remotes/origin/main'
2024-08-01 16:45:29.100 [info] > git rev-parse refs/remotes/origin/main [2ms]
2024-08-01 16:45:29.107 [info] > git status -z -uall [2ms]
2024-08-01 16:45:29.116 [info] > git for-each-ref --format=%(refname)%00%(upstream:short)%00%(objectname)%00%(upstream:track)%00%(upstream:remotename)%00%(upstream:remoteref) refs/heads/main refs/remotes/main [3ms]
2024-08-01 16:45:29.125 [info] > git config --local branch.main.vscode-merge-base [2ms]
2024-08-01 16:45:29.133 [info] > git for-each-ref --format=%(refname)%00%(upstream:short)%00%(objectname)%00%(upstream:track)%00%(upstream:remotename)%00%(upstream:remoteref) refs/heads/origin/main refs/remotes/origin/main [2ms]
2024-08-01 16:45:38.933 [info] > git config --get commit.template [6ms]
2024-08-01 16:45:38.935 [info] > git for-each-ref --format=%(refname)%00%(upstream:short)%00%(objectname)%00%(upstream:track)%00%(upstream:remotename)%00%(upstream:remoteref) refs/heads/main refs/remotes/main [3ms]
2024-08-01 16:45:38.940 [warning] ENOENT: no such file or directory, open '/workspace/project/.git/refs/remotes/origin/main'
2024-08-01 16:45:38.942 [info] > git rev-parse refs/remotes/origin/main [2ms]
2024-08-01 16:45:38.950 [info] > git status -z -uall [2ms]
2024-08-01 16:45:39.069 [info] > git for-each-ref --format=%(refname)%00%(upstream:short)%00%(objectname)%00%(upstream:track)%00%(upstream:remotename)%00%(upstream:remoteref) refs/heads/main refs/remotes/main [112ms]
2024-08-01 16:45:39.076 [info] > git config --local branch.main.vscode-merge-base [1ms]
2024-08-01 16:45:39.085 [info] > git for-each-ref --format=%(refname)%00%(upstream:short)%00%(objectname)%00%(upstream:track)%00%(upstream:remotename)%00%(upstream:remoteref) refs/heads/origin/main refs/remotes/origin/main [3ms]
2024-08-01 16:45:39.099 [info] > git merge-base refs/heads/main refs/remotes/origin/main [9ms]
2024-08-01 16:45:39.108 [info] > git rev-list --count --left-right refs/heads/main...refs/remotes/origin/main [4ms]
2024-08-01 16:45:39.116 [info] > git diff --name-status -z --diff-filter=ADMR 2bb7155f5fb9b5ee8e361053405e32da41235798...refs/remotes/origin/main [2ms]
2024-08-01 16:45:39.453 [info] > git config --local branch.main.github-pr-owner-number [107ms]
2024-08-01 16:45:39.453 [warning] git config failed: Failed to execute git
2024-08-01 16:45:39.495 [info] > git ls-files --stage -- /workspace/project/queries.sh [9ms]
2024-08-01 16:45:39.504 [info] > git cat-file -s c4442dde943e42e7ea1c65d269c9687706cea1f6 [4ms]
2024-08-01 16:45:39.789 [info] > git show --textconv :queries.sh [2ms]
2024-08-01 16:46:09.143 [info] > git merge-base refs/heads/main refs/remotes/origin/main [3ms]
2024-08-01 16:46:09.152 [info] > git rev-list --count --left-right refs/heads/main...refs/remotes/origin/main [4ms]
2024-08-01 16:46:10.015 [info] > git config --local branch.main.github-pr-owner-number [2ms]
2024-08-01 16:46:10.016 [warning] git config failed: Failed to execute git
