2024-08-01 15:51:05.522 [info] Log level: Info
2024-08-01 15:51:05.537 [info] VSCODE_MACHINE_ID: dc29f020-ea07-4147-b03a-54d63f586523
2024-08-01 15:51:05.537 [info] VSCODE_SESSION_ID: 6069444d-1119-412c-a65f-07dfcdbde5341722527456267
2024-08-01 15:51:05.537 [info] VSCODE_VERSION: 1.91.1
2024-08-01 15:51:05.537 [info] VSCODE_APP_NAME: Gitpod Code
2024-08-01 15:51:05.537 [info] VSCODE_APP_HOST: Gitpod
2024-08-01 15:51:05.537 [info] VSCODE_UI_KIND: web
2024-08-01 15:51:05.537 [info] GITPOD_WORKSPACE_CONTEXT_URL: https://github.com/freeCodeCamp/learn-world-cup-database
2024-08-01 15:51:05.537 [info] GITPOD_INSTANCE_ID: a788f458-e783-4e2e-91a9-3cb2a7df7749
2024-08-01 15:51:05.537 [info] GITPOD_WORKSPACE_URL: https://freecodecam-learnworldc-7y3sff57c5w.ws-us115.gitpod.io
2024-08-01 15:51:05.544 [info] Gitpod Web 7ff72a2
2024-08-01 15:51:05.544 [info] Reading sessions from keychain...
2024-08-01 15:51:05.870 [info] Getting sessions for all scopes...
2024-08-01 15:51:05.870 [info] Getting GitHub sessions for all scopes...
2024-08-01 15:51:05.870 [info] Getting sessions for function:accessCodeSyncStorage...
2024-08-01 15:51:05.870 [info] Got 1 GitHub sessions for all scopes...
2024-08-01 15:51:05.871 [info] Got stored sessions!
2024-08-01 15:51:05.871 [info] Verified session with the following scopes: function:accessCodeSyncStorage function:closePort function:controlAdmission function:deleteEnvVar function:generateNewGitpodToken function:getDefaultWorkspaceImage function:getEnvVars function:getGitpodTokenScopes function:getIDToken function:getLoggedInUser function:getOpenPorts function:getSupportedWorkspaceClasses function:getTeams function:getToken function:getWorkspace function:getWorkspaceEnvVars function:getWorkspaceOwner function:getWorkspaceTimeout function:getWorkspaceUsers function:guessGitTokenScopes function:isWorkspaceOwner function:openPort function:sendHeartBeat function:setEnvVar function:setWorkspaceTimeout function:stopWorkspace function:takeSnapshot function:trackEvent function:updateGitStatus function:waitForSnapshot resource:contentBlob::*::create/get resource:envVar::freeCodeCamp/learn-world-cup-database::create/get/update/delete resource:gitpodToken::*::create resource:snapshot::ws-freecodecam-learnworldc-7y3sff57c5w::create resource:token::*::get resource:userStorage::*::create/get/update resource:workspace::freecodecam-learnworldc-7y3sff57c5w::get/update resource:workspaceInstance::a788f458-e783-4e2e-91a9-3cb2a7df7749::get/update/delete
2024-08-01 15:51:05.871 [info] Got 1 verified sessions.
2024-08-01 15:51:05.871 [info] Got 1 sessions for all scopes...
2024-08-01 15:51:05.871 [info] Got 1 sessions for function:accessCodeSyncStorage...
2024-08-01 15:51:06.250 [info] Getting GitHub sessions for all scopes...
2024-08-01 15:51:06.250 [info] Getting sessions for all scopes...
2024-08-01 15:51:06.250 [info] Got 1 GitHub sessions for all scopes...
2024-08-01 15:51:06.250 [info] Got 1 sessions for all scopes...
2024-08-01 15:51:07.139 [info] Getting GitHub sessions for read:user,repo,user:email,workflow...
2024-08-01 15:51:07.140 [info] Got 1 GitHub sessions for read:user,repo,user:email,workflow...
2024-08-01 15:51:08.119 [info] Getting GitHub sessions for project,read:org,read:user,repo,user:email,workflow...
2024-08-01 15:51:08.119 [info] Got 0 GitHub sessions for project,read:org,read:user,repo,user:email,workflow...
2024-08-01 15:51:09.039 [info] Getting GitHub sessions for read:user,repo,user:email,workflow...
2024-08-01 15:51:09.039 [info] Got 1 GitHub sessions for read:user,repo,user:email,workflow...
